{"/Users/greg/Code/mysba/mysba-portal-frontend/src/assets/business-card-icon.svg": {"path":"/Users/greg/Code/mysba/mysba-portal-frontend/src/assets/business-card-icon.svg","statementMap":{"0":{"start":{"line":1,"column":0},"end":{"line":1,"column":19}}},"fnMap":{},"branchMap":{},"s":{"0":1},"f":{},"b":{},"_coverageSchema":"1a1c01bbd47fc00a2c39e90264f33305004495a9","hash":"2f8ab1502d072e2cff9358a1aeac76c4bf975e60"}
,"/Users/greg/Code/mysba/mysba-portal-frontend/src/assets/dot-icon.svg": {"path":"/Users/greg/Code/mysba/mysba-portal-frontend/src/assets/dot-icon.svg","statementMap":{"0":{"start":{"line":1,"column":0},"end":{"line":1,"column":19}}},"fnMap":{},"branchMap":{},"s":{"0":1},"f":{},"b":{},"_coverageSchema":"1a1c01bbd47fc00a2c39e90264f33305004495a9","hash":"2d4a28592d16c38fdfbb57d88828d788251bcaea"}
,"/Users/greg/Code/mysba/mysba-portal-frontend/src/assets/error.svg": {"path":"/Users/greg/Code/mysba/mysba-portal-frontend/src/assets/error.svg","statementMap":{"0":{"start":{"line":1,"column":0},"end":{"line":1,"column":19}}},"fnMap":{},"branchMap":{},"s":{"0":1},"f":{},"b":{},"_coverageSchema":"1a1c01bbd47fc00a2c39e90264f33305004495a9","hash":"1b116f81d92df5ca0d41f8210e9ec8f71e797508"}
,"/Users/greg/Code/mysba/mysba-portal-frontend/src/assets/icon-dot-gov.svg": {"path":"/Users/greg/Code/mysba/mysba-portal-frontend/src/assets/icon-dot-gov.svg","statementMap":{"0":{"start":{"line":1,"column":0},"end":{"line":1,"column":19}}},"fnMap":{},"branchMap":{},"s":{"0":2},"f":{},"b":{},"_coverageSchema":"1a1c01bbd47fc00a2c39e90264f33305004495a9","hash":"2fdb0863f81e5eb08db48a2e361a9aae7d03e063"}
,"/Users/greg/Code/mysba/mysba-portal-frontend/src/assets/icon-https.svg": {"path":"/Users/greg/Code/mysba/mysba-portal-frontend/src/assets/icon-https.svg","statementMap":{"0":{"start":{"line":1,"column":0},"end":{"line":1,"column":19}}},"fnMap":{},"branchMap":{},"s":{"0":2},"f":{},"b":{},"_coverageSchema":"1a1c01bbd47fc00a2c39e90264f33305004495a9","hash":"d85019073d5d462895ccb4aa10bdc6ae92ed31dd"}
,"/Users/greg/Code/mysba/mysba-portal-frontend/src/assets/loading.gif": {"path":"/Users/greg/Code/mysba/mysba-portal-frontend/src/assets/loading.gif","statementMap":{"0":{"start":{"line":1,"column":0},"end":{"line":1,"column":19}}},"fnMap":{},"branchMap":{},"s":{"0":1},"f":{},"b":{},"_coverageSchema":"1a1c01bbd47fc00a2c39e90264f33305004495a9","hash":"693a51e50cc8343ea48cdeedc2c1cf4719110667"}
,"/Users/greg/Code/mysba/mysba-portal-frontend/src/assets/loans-gears.svg": {"path":"/Users/greg/Code/mysba/mysba-portal-frontend/src/assets/loans-gears.svg","statementMap":{"0":{"start":{"line":1,"column":0},"end":{"line":1,"column":19}}},"fnMap":{},"branchMap":{},"s":{"0":1},"f":{},"b":{},"_coverageSchema":"1a1c01bbd47fc00a2c39e90264f33305004495a9","hash":"9089bc8716621011f07dc227dbb4fb05bc378625"}
,"/Users/greg/Code/mysba/mysba-portal-frontend/src/assets/logo-horizontal-spanish.svg": {"path":"/Users/greg/Code/mysba/mysba-portal-frontend/src/assets/logo-horizontal-spanish.svg","statementMap":{"0":{"start":{"line":1,"column":0},"end":{"line":1,"column":19}}},"fnMap":{},"branchMap":{},"s":{"0":2},"f":{},"b":{},"_coverageSchema":"1a1c01bbd47fc00a2c39e90264f33305004495a9","hash":"da00cb76884eaccb72eee5f943e6b4c62484b18c"}
,"/Users/greg/Code/mysba/mysba-portal-frontend/src/assets/logo-horizontal.svg": {"path":"/Users/greg/Code/mysba/mysba-portal-frontend/src/assets/logo-horizontal.svg","statementMap":{"0":{"start":{"line":1,"column":0},"end":{"line":1,"column":19}}},"fnMap":{},"branchMap":{},"s":{"0":2},"f":{},"b":{},"_coverageSchema":"1a1c01bbd47fc00a2c39e90264f33305004495a9","hash":"0c7b4835c1134f84e8379c2439c2c8ac3a2070f2"}
,"/Users/greg/Code/mysba/mysba-portal-frontend/src/assets/logo-sm.svg": {"path":"/Users/greg/Code/mysba/mysba-portal-frontend/src/assets/logo-sm.svg","statementMap":{"0":{"start":{"line":1,"column":0},"end":{"line":1,"column":19}}},"fnMap":{},"branchMap":{},"s":{"0":2},"f":{},"b":{},"_coverageSchema":"1a1c01bbd47fc00a2c39e90264f33305004495a9","hash":"021455e8c406765241c3a858ca9d100079e14ce7"}
,"/Users/greg/Code/mysba/mysba-portal-frontend/src/assets/next-sign.svg": {"path":"/Users/greg/Code/mysba/mysba-portal-frontend/src/assets/next-sign.svg","statementMap":{"0":{"start":{"line":1,"column":0},"end":{"line":1,"column":19}}},"fnMap":{},"branchMap":{},"s":{"0":1},"f":{},"b":{},"_coverageSchema":"1a1c01bbd47fc00a2c39e90264f33305004495a9","hash":"c4af8cd33fcdf0c34d8c98229d226c4727c58284"}
,"/Users/greg/Code/mysba/mysba-portal-frontend/src/assets/profile.svg": {"path":"/Users/greg/Code/mysba/mysba-portal-frontend/src/assets/profile.svg","statementMap":{"0":{"start":{"line":1,"column":0},"end":{"line":1,"column":19}}},"fnMap":{},"branchMap":{},"s":{"0":1},"f":{},"b":{},"_coverageSchema":"1a1c01bbd47fc00a2c39e90264f33305004495a9","hash":"2bcb3b5040fc826246f48a17cbcf7001f183bee1"}
,"/Users/greg/Code/mysba/mysba-portal-frontend/src/assets/us_flag.svg": {"path":"/Users/greg/Code/mysba/mysba-portal-frontend/src/assets/us_flag.svg","statementMap":{"0":{"start":{"line":1,"column":0},"end":{"line":1,"column":19}}},"fnMap":{},"branchMap":{},"s":{"0":2},"f":{},"b":{},"_coverageSchema":"1a1c01bbd47fc00a2c39e90264f33305004495a9","hash":"f1d7c5b120165fb4810dea0d3ed26000106c8f69"}
,"/Users/greg/Code/mysba/mysba-portal-frontend/src/components/Alert/Alert.tsx": {"path":"/Users/greg/Code/mysba/mysba-portal-frontend/src/components/Alert/Alert.tsx","statementMap":{"0":{"start":{"line":1,"column":0},"end":{"line":1,"column":26}},"1":{"start":{"line":2,"column":0},"end":{"line":2,"column":59}},"2":{"start":{"line":3,"column":0},"end":{"line":3,"column":47}},"3":{"start":{"line":12,"column":44},"end":{"line":28,"column":1}},"4":{"start":{"line":13,"column":16},"end":{"line":13,"column":32}},"5":{"start":{"line":15,"column":2},"end":{"line":27,"column":4}},"6":{"start":{"line":12,"column":13},"end":{"line":12,"column":44}}},"fnMap":{"0":{"name":"(anonymous_1)","decl":{"start":{"line":12,"column":44},"end":{"line":12,"column":45}},"loc":{"start":{"line":12,"column":97},"end":{"line":28,"column":1}}}},"branchMap":{"0":{"loc":{"start":{"line":12,"column":62},"end":{"line":12,"column":74}},"type":"default-arg","locations":[{"start":{"line":12,"column":70},"end":{"line":12,"column":74}}]},"1":{"loc":{"start":{"line":12,"column":76},"end":{"line":12,"column":91}},"type":"default-arg","locations":[{"start":{"line":12,"column":86},"end":{"line":12,"column":91}}]},"2":{"loc":{"start":{"line":18,"column":95},"end":{"line":18,"column":127}},"type":"cond-expr","locations":[{"start":{"line":18,"column":105},"end":{"line":18,"column":122}},{"start":{"line":18,"column":125},"end":{"line":18,"column":127}}]},"3":{"loc":{"start":{"line":21,"column":9},"end":{"line":21,"column":68}},"type":"binary-expr","locations":[{"start":{"line":21,"column":9},"end":{"line":21,"column":14}},{"start":{"line":21,"column":18},"end":{"line":21,"column":68}}]},"4":{"loc":{"start":{"line":23,"column":11},"end":{"line":23,"column":108}},"type":"cond-expr","locations":[{"start":{"line":23,"column":41},"end":{"line":23,"column":98}},{"start":{"line":23,"column":101},"end":{"line":23,"column":108}}]}},"s":{"0":4,"1":4,"2":4,"3":4,"4":8,"5":8,"6":4},"f":{"0":8},"b":{"0":[3],"1":[7],"2":[1,7],"3":[8,5],"4":[3,5]}}
,"/Users/greg/Code/mysba/mysba-portal-frontend/src/components/BusinessCard/BusinessCard.tsx": {"path":"/Users/greg/Code/mysba/mysba-portal-frontend/src/components/BusinessCard/BusinessCard.tsx","statementMap":{"0":{"start":{"line":1,"column":0},"end":{"line":1,"column":59}},"1":{"start":{"line":2,"column":0},"end":{"line":2,"column":44}},"2":{"start":{"line":3,"column":0},"end":{"line":3,"column":47}},"3":{"start":{"line":4,"column":0},"end":{"line":4,"column":73}},"4":{"start":{"line":5,"column":0},"end":{"line":5,"column":65}},"5":{"start":{"line":6,"column":0},"end":{"line":6,"column":46}},"6":{"start":{"line":8,"column":58},"end":{"line":49,"column":1}},"7":{"start":{"line":9,"column":16},"end":{"line":9,"column":32}},"8":{"start":{"line":10,"column":23},"end":{"line":10,"column":58}},"9":{"start":{"line":11,"column":44},"end":{"line":11,"column":68}},"10":{"start":{"line":13,"column":2},"end":{"line":25,"column":9}},"11":{"start":{"line":15,"column":6},"end":{"line":19,"column":7}},"12":{"start":{"line":16,"column":8},"end":{"line":16,"column":31}},"13":{"start":{"line":18,"column":8},"end":{"line":18,"column":32}},"14":{"start":{"line":22,"column":4},"end":{"line":22,"column":23}},"15":{"start":{"line":23,"column":4},"end":{"line":23,"column":56}},"16":{"start":{"line":24,"column":4},"end":{"line":24,"column":72}},"17":{"start":{"line":24,"column":17},"end":{"line":24,"column":71}},"18":{"start":{"line":28,"column":4},"end":{"line":37,"column":null}},"19":{"start":{"line":40,"column":2},"end":{"line":48,"column":4}},"20":{"start":{"line":8,"column":13},"end":{"line":8,"column":58}}},"fnMap":{"0":{"name":"(anonymous_7)","decl":{"start":{"line":8,"column":58},"end":{"line":8,"column":59}},"loc":{"start":{"line":8,"column":96},"end":{"line":49,"column":1}}},"1":{"name":"(anonymous_8)","decl":{"start":{"line":13,"column":12},"end":{"line":13,"column":15}},"loc":{"start":{"line":13,"column":17},"end":{"line":25,"column":3}}},"2":{"name":"updateScreenSize","decl":{"start":{"line":14,"column":13},"end":{"line":14,"column":29}},"loc":{"start":{"line":14,"column":29},"end":{"line":20,"column":5}}},"3":{"name":"(anonymous_10)","decl":{"start":{"line":24,"column":11},"end":{"line":24,"column":14}},"loc":{"start":{"line":24,"column":17},"end":{"line":24,"column":71}}}},"branchMap":{"0":{"loc":{"start":{"line":8,"column":71},"end":{"line":8,"column":90}},"type":"default-arg","locations":[{"start":{"line":8,"column":85},"end":{"line":8,"column":90}}]},"1":{"loc":{"start":{"line":15,"column":6},"end":{"line":19,"column":7}},"type":"if","locations":[{"start":{"line":15,"column":6},"end":{"line":19,"column":7}},{"start":{"line":17,"column":13},"end":{"line":19,"column":7}}]},"2":{"loc":{"start":{"line":15,"column":10},"end":{"line":15,"column":73}},"type":"binary-expr","locations":[{"start":{"line":15,"column":10},"end":{"line":15,"column":30}},{"start":{"line":15,"column":34},"end":{"line":15,"column":73}}]},"3":{"loc":{"start":{"line":30,"column":65},"end":{"line":30,"column":104}},"type":"cond-expr","locations":[{"start":{"line":30,"column":81},"end":{"line":30,"column":99}},{"start":{"line":30,"column":102},"end":{"line":30,"column":104}}]}},"s":{"0":1,"1":1,"2":1,"3":1,"4":1,"5":1,"6":1,"7":6,"8":6,"9":6,"10":6,"11":4,"12":3,"13":1,"14":3,"15":3,"16":3,"17":3,"18":6,"19":6,"20":1},"f":{"0":6,"1":3,"2":4,"3":3},"b":{"0":[0],"1":[3,1],"2":[4,3],"3":[3,3]}}
,"/Users/greg/Code/mysba/mysba-portal-frontend/src/components/Field/Field.tsx": {"path":"/Users/greg/Code/mysba/mysba-portal-frontend/src/components/Field/Field.tsx","statementMap":{"0":{"start":{"line":1,"column":0},"end":{"line":1,"column":41}},"1":{"start":{"line":2,"column":0},"end":{"line":2,"column":59}},"2":{"start":{"line":3,"column":0},"end":{"line":3,"column":47}},"3":{"start":{"line":10,"column":31},"end":{"line":20,"column":1}},"4":{"start":{"line":11,"column":16},"end":{"line":11,"column":32}},"5":{"start":{"line":12,"column":2},"end":{"line":19,"column":4}},"6":{"start":{"line":22,"column":0},"end":{"line":22,"column":21}}},"fnMap":{"0":{"name":"(anonymous_1)","decl":{"start":{"line":10,"column":31},"end":{"line":10,"column":32}},"loc":{"start":{"line":10,"column":52},"end":{"line":20,"column":1}}}},"branchMap":{},"s":{"0":1,"1":1,"2":1,"3":1,"4":2,"5":2,"6":1},"f":{"0":2},"b":{}}
,"/Users/greg/Code/mysba/mysba-portal-frontend/src/components/GovBanner/GovBanner.tsx": {"path":"/Users/greg/Code/mysba/mysba-portal-frontend/src/components/GovBanner/GovBanner.tsx","statementMap":{"0":{"start":{"line":1,"column":0},"end":{"line":1,"column":26}},"1":{"start":{"line":2,"column":0},"end":{"line":2,"column":61}},"2":{"start":{"line":3,"column":0},"end":{"line":3,"column":44}},"3":{"start":{"line":4,"column":0},"end":{"line":4,"column":49}},"4":{"start":{"line":5,"column":0},"end":{"line":5,"column":50}},"5":{"start":{"line":6,"column":0},"end":{"line":6,"column":47}},"6":{"start":{"line":8,"column":18},"end":{"line":85,"column":1}},"7":{"start":{"line":9,"column":16},"end":{"line":9,"column":32}},"8":{"start":{"line":10,"column":2},"end":{"line":84,"column":4}},"9":{"start":{"line":87,"column":0},"end":{"line":87,"column":25}}},"fnMap":{"0":{"name":"(anonymous_1)","decl":{"start":{"line":8,"column":18},"end":{"line":8,"column":21}},"loc":{"start":{"line":8,"column":23},"end":{"line":85,"column":1}}}},"branchMap":{},"s":{"0":2,"1":2,"2":2,"3":2,"4":2,"5":2,"6":2,"7":7,"8":7,"9":2},"f":{"0":7},"b":{}}
,"/Users/greg/Code/mysba/mysba-portal-frontend/src/components/Header/Header.tsx": {"path":"/Users/greg/Code/mysba/mysba-portal-frontend/src/components/Header/Header.tsx","statementMap":{"0":{"start":{"line":1,"column":0},"end":{"line":1,"column":59}},"1":{"start":{"line":2,"column":0},"end":{"line":2,"column":40}},"2":{"start":{"line":3,"column":0},"end":{"line":3,"column":61}},"3":{"start":{"line":4,"column":0},"end":{"line":4,"column":55}},"4":{"start":{"line":5,"column":0},"end":{"line":5,"column":63}},"5":{"start":{"line":6,"column":0},"end":{"line":6,"column":47}},"6":{"start":{"line":7,"column":0},"end":{"line":7,"column":49}},"7":{"start":{"line":8,"column":0},"end":{"line":8,"column":47}},"8":{"start":{"line":9,"column":0},"end":{"line":9,"column":76}},"9":{"start":{"line":10,"column":0},"end":{"line":10,"column":42}},"10":{"start":{"line":11,"column":0},"end":{"line":11,"column":47}},"11":{"start":{"line":12,"column":0},"end":{"line":12,"column":53}},"12":{"start":{"line":13,"column":0},"end":{"line":13,"column":47}},"13":{"start":{"line":15,"column":15},"end":{"line":200,"column":1}},"14":{"start":{"line":16,"column":21},"end":{"line":16,"column":33}},"15":{"start":{"line":17,"column":17},"end":{"line":17,"column":55}},"16":{"start":{"line":19,"column":2},"end":{"line":26,"column":9}},"17":{"start":{"line":21,"column":4},"end":{"line":25,"column":5}},"18":{"start":{"line":23,"column":36},"end":{"line":23,"column":73}},"19":{"start":{"line":24,"column":6},"end":{"line":24,"column":45}},"20":{"start":{"line":28,"column":31},"end":{"line":28,"column":65}},"21":{"start":{"line":29,"column":26},"end":{"line":29,"column":88}},"22":{"start":{"line":30,"column":19},"end":{"line":30,"column":35}},"23":{"start":{"line":31,"column":16},"end":{"line":31,"column":32}},"24":{"start":{"line":32,"column":27},"end":{"line":32,"column":50}},"25":{"start":{"line":33,"column":31},"end":{"line":33,"column":58}},"26":{"start":{"line":34,"column":36},"end":{"line":34,"column":51}},"27":{"start":{"line":35,"column":23},"end":{"line":35,"column":36}},"28":{"start":{"line":37,"column":26},"end":{"line":39,"column":3}},"29":{"start":{"line":38,"column":4},"end":{"line":38,"column":23}},"30":{"start":{"line":41,"column":30},"end":{"line":43,"column":3}},"31":{"start":{"line":42,"column":4},"end":{"line":42,"column":24}},"32":{"start":{"line":45,"column":25},"end":{"line":50,"column":3}},"33":{"start":{"line":46,"column":20},"end":{"line":46,"column":47}},"34":{"start":{"line":47,"column":4},"end":{"line":47,"column":21}},"35":{"start":{"line":48,"column":4},"end":{"line":48,"column":42}},"36":{"start":{"line":49,"column":4},"end":{"line":49,"column":40}},"37":{"start":{"line":53,"column":4},"end":{"line":53,"column":34}},"38":{"start":{"line":54,"column":4},"end":{"line":54,"column":24}},"39":{"start":{"line":58,"column":4},"end":{"line":58,"column":24}},"40":{"start":{"line":61,"column":2},"end":{"line":71,"column":15}},"41":{"start":{"line":62,"column":4},"end":{"line":66,"column":7}},"42":{"start":{"line":63,"column":6},"end":{"line":65,"column":7}},"43":{"start":{"line":64,"column":8},"end":{"line":64,"column":28}},"44":{"start":{"line":68,"column":4},"end":{"line":70,"column":6}},"45":{"start":{"line":69,"column":6},"end":{"line":69,"column":64}},"46":{"start":{"line":73,"column":17},"end":{"line":92,"column":3}},"47":{"start":{"line":74,"column":4},"end":{"line":83,"column":5}},"48":{"start":{"line":75,"column":6},"end":{"line":75,"column":71}},"49":{"start":{"line":76,"column":6},"end":{"line":76,"column":84}},"50":{"start":{"line":77,"column":6},"end":{"line":77,"column":84}},"51":{"start":{"line":78,"column":6},"end":{"line":78,"column":29}},"52":{"start":{"line":79,"column":6},"end":{"line":79,"column":27}},"53":{"start":{"line":80,"column":6},"end":{"line":80,"column":56}},"54":{"start":{"line":81,"column":6},"end":{"line":81,"column":25}},"55":{"start":{"line":82,"column":6},"end":{"line":82,"column":13}},"56":{"start":{"line":85,"column":4},"end":{"line":85,"column":33}},"57":{"start":{"line":86,"column":4},"end":{"line":86,"column":29}},"58":{"start":{"line":87,"column":4},"end":{"line":87,"column":69}},"59":{"start":{"line":88,"column":4},"end":{"line":88,"column":82}},"60":{"start":{"line":89,"column":4},"end":{"line":89,"column":82}},"61":{"start":{"line":90,"column":4},"end":{"line":90,"column":27}},"62":{"start":{"line":91,"column":4},"end":{"line":91,"column":25}},"63":{"start":{"line":94,"column":2},"end":{"line":199,"column":4}},"64":{"start":{"line":201,"column":0},"end":{"line":201,"column":22}}},"fnMap":{"0":{"name":"(anonymous_7)","decl":{"start":{"line":15,"column":15},"end":{"line":15,"column":18}},"loc":{"start":{"line":15,"column":20},"end":{"line":200,"column":1}}},"1":{"name":"(anonymous_8)","decl":{"start":{"line":19,"column":12},"end":{"line":19,"column":15}},"loc":{"start":{"line":19,"column":17},"end":{"line":26,"column":3}}},"2":{"name":"(anonymous_9)","decl":{"start":{"line":37,"column":26},"end":{"line":37,"column":29}},"loc":{"start":{"line":37,"column":31},"end":{"line":39,"column":3}}},"3":{"name":"(anonymous_10)","decl":{"start":{"line":41,"column":30},"end":{"line":41,"column":33}},"loc":{"start":{"line":41,"column":35},"end":{"line":43,"column":3}}},"4":{"name":"(anonymous_11)","decl":{"start":{"line":45,"column":25},"end":{"line":45,"column":28}},"loc":{"start":{"line":45,"column":30},"end":{"line":50,"column":3}}},"5":{"name":"handleFocusOut","decl":{"start":{"line":52,"column":11},"end":{"line":52,"column":25}},"loc":{"start":{"line":52,"column":25},"end":{"line":55,"column":3}}},"6":{"name":"handleNavLinkClick","decl":{"start":{"line":57,"column":11},"end":{"line":57,"column":29}},"loc":{"start":{"line":57,"column":29},"end":{"line":59,"column":3}}},"7":{"name":"(anonymous_14)","decl":{"start":{"line":61,"column":12},"end":{"line":61,"column":15}},"loc":{"start":{"line":61,"column":17},"end":{"line":71,"column":3}}},"8":{"name":"(anonymous_15)","decl":{"start":{"line":62,"column":43},"end":{"line":62,"column":48}},"loc":{"start":{"line":62,"column":51},"end":{"line":66,"column":5}}},"9":{"name":"(anonymous_16)","decl":{"start":{"line":68,"column":11},"end":{"line":68,"column":14}},"loc":{"start":{"line":68,"column":16},"end":{"line":70,"column":5}}},"10":{"name":"(anonymous_17)","decl":{"start":{"line":73,"column":17},"end":{"line":73,"column":22}},"loc":{"start":{"line":73,"column":28},"end":{"line":92,"column":3}}}},"branchMap":{"0":{"loc":{"start":{"line":21,"column":4},"end":{"line":25,"column":5}},"type":"if","locations":[{"start":{"line":21,"column":4},"end":{"line":25,"column":5}}]},"1":{"loc":{"start":{"line":29,"column":35},"end":{"line":29,"column":87}},"type":"binary-expr","locations":[{"start":{"line":29,"column":35},"end":{"line":29,"column":63}},{"start":{"line":29,"column":67},"end":{"line":29,"column":79}},{"start":{"line":29,"column":83},"end":{"line":29,"column":87}}]},"2":{"loc":{"start":{"line":46,"column":20},"end":{"line":46,"column":47}},"type":"cond-expr","locations":[{"start":{"line":46,"column":36},"end":{"line":46,"column":40}},{"start":{"line":46,"column":43},"end":{"line":46,"column":47}}]},"3":{"loc":{"start":{"line":63,"column":6},"end":{"line":65,"column":7}},"type":"if","locations":[{"start":{"line":63,"column":6},"end":{"line":65,"column":7}}]},"4":{"loc":{"start":{"line":63,"column":10},"end":{"line":63,"column":105}},"type":"binary-expr","locations":[{"start":{"line":63,"column":10},"end":{"line":63,"column":24}},{"start":{"line":63,"column":28},"end":{"line":63,"column":63}},{"start":{"line":63,"column":67},"end":{"line":63,"column":105}}]},"5":{"loc":{"start":{"line":74,"column":4},"end":{"line":83,"column":5}},"type":"if","locations":[{"start":{"line":74,"column":4},"end":{"line":83,"column":5}}]},"6":{"loc":{"start":{"line":105,"column":21},"end":{"line":105,"column":58}},"type":"cond-expr","locations":[{"start":{"line":105,"column":37},"end":{"line":105,"column":46}},{"start":{"line":105,"column":49},"end":{"line":105,"column":58}}]},"7":{"loc":{"start":{"line":107,"column":18},"end":{"line":109,"column":81}},"type":"cond-expr","locations":[{"start":{"line":108,"column":22},"end":{"line":108,"column":58}},{"start":{"line":109,"column":22},"end":{"line":109,"column":81}}]},"8":{"loc":{"start":{"line":116,"column":18},"end":{"line":118,"column":81}},"type":"cond-expr","locations":[{"start":{"line":117,"column":22},"end":{"line":117,"column":58}},{"start":{"line":118,"column":22},"end":{"line":118,"column":81}}]},"9":{"loc":{"start":{"line":126,"column":54},"end":{"line":126,"column":100}},"type":"cond-expr","locations":[{"start":{"line":126,"column":68},"end":{"line":126,"column":70}},{"start":{"line":126,"column":73},"end":{"line":126,"column":100}}]},"10":{"loc":{"start":{"line":133,"column":64},"end":{"line":133,"column":91}},"type":"cond-expr","locations":[{"start":{"line":133,"column":80},"end":{"line":133,"column":84}},{"start":{"line":133,"column":87},"end":{"line":133,"column":91}}]},"11":{"loc":{"start":{"line":134,"column":19},"end":{"line":134,"column":56}},"type":"cond-expr","locations":[{"start":{"line":134,"column":35},"end":{"line":134,"column":44}},{"start":{"line":134,"column":47},"end":{"line":134,"column":56}}]},"12":{"loc":{"start":{"line":139,"column":13},"end":{"line":147,"column":null}},"type":"binary-expr","locations":[{"start":{"line":139,"column":13},"end":{"line":139,"column":24}},{"start":{"line":140,"column":14},"end":{"line":146,"column":null}}]},"13":{"loc":{"start":{"line":152,"column":13},"end":{"line":166,"column":null}},"type":"binary-expr","locations":[{"start":{"line":152,"column":13},"end":{"line":152,"column":20}},{"start":{"line":153,"column":14},"end":{"line":165,"column":null}}]},"14":{"loc":{"start":{"line":168,"column":13},"end":{"line":177,"column":null}},"type":"binary-expr","locations":[{"start":{"line":168,"column":13},"end":{"line":168,"column":21}},{"start":{"line":168,"column":25},"end":{"line":168,"column":37}},{"start":{"line":169,"column":14},"end":{"line":176,"column":null}}]},"15":{"loc":{"start":{"line":182,"column":7},"end":{"line":196,"column":null}},"type":"binary-expr","locations":[{"start":{"line":182,"column":7},"end":{"line":182,"column":14}},{"start":{"line":183,"column":8},"end":{"line":195,"column":null}}]},"16":{"loc":{"start":{"line":184,"column":47},"end":{"line":184,"column":77}},"type":"cond-expr","locations":[{"start":{"line":184,"column":59},"end":{"line":184,"column":72}},{"start":{"line":184,"column":75},"end":{"line":184,"column":77}}]}},"s":{"0":1,"1":1,"2":1,"3":1,"4":1,"5":1,"6":1,"7":1,"8":1,"9":1,"10":1,"11":1,"12":1,"13":1,"14":6,"15":6,"16":6,"17":4,"18":4,"19":4,"20":6,"21":6,"22":6,"23":6,"24":6,"25":6,"26":6,"27":6,"28":6,"29":1,"30":6,"31":0,"32":6,"33":1,"34":1,"35":1,"36":1,"37":0,"38":0,"39":0,"40":6,"41":4,"42":0,"43":0,"44":4,"45":4,"46":6,"47":1,"48":0,"49":0,"50":0,"51":0,"52":0,"53":0,"54":0,"55":0,"56":1,"57":1,"58":1,"59":1,"60":1,"61":1,"62":1,"63":6,"64":1},"f":{"0":6,"1":4,"2":1,"3":0,"4":1,"5":0,"6":0,"7":4,"8":0,"9":4,"10":1},"b":{"0":[4],"1":[6,3,0],"2":[1,0],"3":[0],"4":[0,0,0],"5":[0],"6":[3,3],"7":[3,3],"8":[3,3],"9":[5,1],"10":[3,3],"11":[3,3],"12":[6,5],"13":[6,5],"14":[6,1,1],"15":[6,5],"16":[1,4]}}
,"/Users/greg/Code/mysba/mysba-portal-frontend/src/components/Modal/Modal.tsx": {"path":"/Users/greg/Code/mysba/mysba-portal-frontend/src/components/Modal/Modal.tsx","statementMap":{"0":{"start":{"line":1,"column":0},"end":{"line":1,"column":49}},"1":{"start":{"line":2,"column":0},"end":{"line":2,"column":59}},"2":{"start":{"line":3,"column":0},"end":{"line":3,"column":47}},"3":{"start":{"line":4,"column":0},"end":{"line":4,"column":46}},"4":{"start":{"line":5,"column":0},"end":{"line":5,"column":51}},"5":{"start":{"line":27,"column":23},"end":{"line":142,"column":1}},"6":{"start":{"line":41,"column":16},"end":{"line":41,"column":32}},"7":{"start":{"line":42,"column":20},"end":{"line":42,"column":48}},"8":{"start":{"line":43,"column":21},"end":{"line":43,"column":49}},"9":{"start":{"line":44,"column":25},"end":{"line":44,"column":56}},"10":{"start":{"line":46,"column":2},"end":{"line":50,"column":22}},"11":{"start":{"line":47,"column":4},"end":{"line":49,"column":5}},"12":{"start":{"line":48,"column":6},"end":{"line":48,"column":108}},"13":{"start":{"line":52,"column":21},"end":{"line":54,"column":3}},"14":{"start":{"line":53,"column":4},"end":{"line":53,"column":27}},"15":{"start":{"line":53,"column":17},"end":{"line":53,"column":27}},"16":{"start":{"line":56,"column":21},"end":{"line":60,"column":4}},"17":{"start":{"line":57,"column":4},"end":{"line":57,"column":99}},"18":{"start":{"line":57,"column":32},"end":{"line":57,"column":99}},"19":{"start":{"line":58,"column":4},"end":{"line":58,"column":100}},"20":{"start":{"line":58,"column":34},"end":{"line":58,"column":100}},"21":{"start":{"line":59,"column":4},"end":{"line":59,"column":73}},"22":{"start":{"line":62,"column":2},"end":{"line":141,"column":4}},"23":{"start":{"line":74,"column":18},"end":{"line":76,"column":19}},"24":{"start":{"line":75,"column":20},"end":{"line":75,"column":33}},"25":{"start":{"line":97,"column":39},"end":{"line":97,"column":43}},"26":{"start":{"line":98,"column":39},"end":{"line":98,"column":60}},"27":{"start":{"line":99,"column":40},"end":{"line":99,"column":80}},"28":{"start":{"line":100,"column":44},"end":{"line":100,"column":63}},"29":{"start":{"line":102,"column":20},"end":{"line":114,"column":22}},"30":{"start":{"line":108,"column":43},"end":{"line":108,"column":74}},"31":{"start":{"line":144,"column":0},"end":{"line":144,"column":30}}},"fnMap":{"0":{"name":"(anonymous_7)","decl":{"start":{"line":27,"column":23},"end":{"line":27,"column":24}},"loc":{"start":{"line":40,"column":17},"end":{"line":142,"column":1}}},"1":{"name":"(anonymous_8)","decl":{"start":{"line":29,"column":14},"end":{"line":29,"column":15}},"loc":{"start":{"line":29,"column":46},"end":{"line":29,"column":49}}},"2":{"name":"(anonymous_9)","decl":{"start":{"line":46,"column":12},"end":{"line":46,"column":15}},"loc":{"start":{"line":46,"column":17},"end":{"line":50,"column":3}}},"3":{"name":"(anonymous_10)","decl":{"start":{"line":52,"column":21},"end":{"line":52,"column":24}},"loc":{"start":{"line":52,"column":26},"end":{"line":54,"column":3}}},"4":{"name":"(anonymous_11)","decl":{"start":{"line":56,"column":56},"end":{"line":56,"column":57}},"loc":{"start":{"line":56,"column":69},"end":{"line":60,"column":3}}},"5":{"name":"(anonymous_12)","decl":{"start":{"line":73,"column":27},"end":{"line":73,"column":32}},"loc":{"start":{"line":73,"column":35},"end":{"line":77,"column":17}}},"6":{"name":"(anonymous_13)","decl":{"start":{"line":96,"column":34},"end":{"line":96,"column":38}},"loc":{"start":{"line":96,"column":41},"end":{"line":115,"column":19}}},"7":{"name":"(anonymous_14)","decl":{"start":{"line":108,"column":37},"end":{"line":108,"column":40}},"loc":{"start":{"line":108,"column":43},"end":{"line":108,"column":74}}}},"branchMap":{"0":{"loc":{"start":{"line":29,"column":2},"end":{"line":29,"column":49}},"type":"default-arg","locations":[{"start":{"line":29,"column":14},"end":{"line":29,"column":49}}]},"1":{"loc":{"start":{"line":30,"column":2},"end":{"line":30,"column":12}},"type":"default-arg","locations":[{"start":{"line":30,"column":10},"end":{"line":30,"column":12}}]},"2":{"loc":{"start":{"line":31,"column":2},"end":{"line":31,"column":16}},"type":"default-arg","locations":[{"start":{"line":31,"column":15},"end":{"line":31,"column":16}}]},"3":{"loc":{"start":{"line":32,"column":2},"end":{"line":32,"column":20}},"type":"default-arg","locations":[{"start":{"line":32,"column":19},"end":{"line":32,"column":20}}]},"4":{"loc":{"start":{"line":38,"column":2},"end":{"line":38,"column":25}},"type":"default-arg","locations":[{"start":{"line":38,"column":20},"end":{"line":38,"column":25}}]},"5":{"loc":{"start":{"line":47,"column":4},"end":{"line":49,"column":5}},"type":"if","locations":[{"start":{"line":47,"column":4},"end":{"line":49,"column":5}}]},"6":{"loc":{"start":{"line":47,"column":8},"end":{"line":47,"column":47}},"type":"binary-expr","locations":[{"start":{"line":47,"column":8},"end":{"line":47,"column":25}},{"start":{"line":47,"column":29},"end":{"line":47,"column":47}}]},"7":{"loc":{"start":{"line":53,"column":4},"end":{"line":53,"column":27}},"type":"if","locations":[{"start":{"line":53,"column":4},"end":{"line":53,"column":27}}]},"8":{"loc":{"start":{"line":57,"column":4},"end":{"line":57,"column":99}},"type":"if","locations":[{"start":{"line":57,"column":4},"end":{"line":57,"column":99}}]},"9":{"loc":{"start":{"line":58,"column":4},"end":{"line":58,"column":100}},"type":"if","locations":[{"start":{"line":58,"column":4},"end":{"line":58,"column":100}}]},"10":{"loc":{"start":{"line":68,"column":13},"end":{"line":86,"column":null}},"type":"binary-expr","locations":[{"start":{"line":68,"column":13},"end":{"line":68,"column":29}},{"start":{"line":69,"column":14},"end":{"line":85,"column":null}}]},"11":{"loc":{"start":{"line":74,"column":18},"end":{"line":76,"column":19}},"type":"if","locations":[{"start":{"line":74,"column":18},"end":{"line":76,"column":19}}]},"12":{"loc":{"start":{"line":89,"column":11},"end":{"line":123,"column":null}},"type":"binary-expr","locations":[{"start":{"line":89,"column":11},"end":{"line":89,"column":25}},{"start":{"line":90,"column":12},"end":{"line":122,"column":null}}]},"13":{"loc":{"start":{"line":104,"column":25},"end":{"line":111,"column":null}},"type":"binary-expr","locations":[{"start":{"line":104,"column":25},"end":{"line":104,"column":35}},{"start":{"line":105,"column":26},"end":{"line":108,"column":null}}]},"14":{"loc":{"start":{"line":118,"column":15},"end":{"line":121,"column":null}},"type":"binary-expr","locations":[{"start":{"line":118,"column":15},"end":{"line":118,"column":27}},{"start":{"line":119,"column":16},"end":{"line":120,"column":null}}]},"15":{"loc":{"start":{"line":127,"column":15},"end":{"line":127,"column":117}},"type":"binary-expr","locations":[{"start":{"line":127,"column":15},"end":{"line":127,"column":26}},{"start":{"line":127,"column":30},"end":{"line":127,"column":117}}]},"16":{"loc":{"start":{"line":128,"column":15},"end":{"line":128,"column":96}},"type":"binary-expr","locations":[{"start":{"line":128,"column":15},"end":{"line":128,"column":27}},{"start":{"line":128,"column":31},"end":{"line":128,"column":96}}]},"17":{"loc":{"start":{"line":129,"column":15},"end":{"line":129,"column":102}},"type":"binary-expr","locations":[{"start":{"line":129,"column":15},"end":{"line":129,"column":29}},{"start":{"line":129,"column":33},"end":{"line":129,"column":102}}]},"18":{"loc":{"start":{"line":133,"column":11},"end":{"line":136,"column":null}},"type":"binary-expr","locations":[{"start":{"line":133,"column":11},"end":{"line":133,"column":24}},{"start":{"line":134,"column":12},"end":{"line":135,"column":null}}]}},"s":{"0":2,"1":2,"2":2,"3":2,"4":2,"5":2,"6":5,"7":5,"8":5,"9":5,"10":5,"11":5,"12":1,"13":5,"14":1,"15":1,"16":5,"17":3,"18":1,"19":2,"20":1,"21":1,"22":5,"23":0,"24":0,"25":3,"26":3,"27":3,"28":3,"29":3,"30":1,"31":2},"f":{"0":5,"1":0,"2":5,"3":1,"4":3,"5":0,"6":3,"7":1},"b":{"0":[4],"1":[0],"2":[4],"3":[4],"4":[5],"5":[1],"6":[5,1],"7":[1],"8":[1],"9":[1],"10":[5,5],"11":[0],"12":[5,1],"13":[3,1],"14":[1,0],"15":[5,1],"16":[5,1],"17":[5,1],"18":[5,1]}}
,"/Users/greg/Code/mysba/mysba-portal-frontend/src/components/Pill/Pill.tsx": {"path":"/Users/greg/Code/mysba/mysba-portal-frontend/src/components/Pill/Pill.tsx","statementMap":{"0":{"start":{"line":1,"column":0},"end":{"line":1,"column":26}},"1":{"start":{"line":2,"column":0},"end":{"line":2,"column":57}},"2":{"start":{"line":3,"column":0},"end":{"line":3,"column":47}},"3":{"start":{"line":10,"column":35},"end":{"line":29,"column":1}},"4":{"start":{"line":11,"column":16},"end":{"line":11,"column":32}},"5":{"start":{"line":12,"column":2},"end":{"line":12,"column":23}},"6":{"start":{"line":13,"column":20},"end":{"line":18,"column":4}},"7":{"start":{"line":19,"column":15},"end":{"line":19,"column":30}},"8":{"start":{"line":21,"column":2},"end":{"line":28,"column":4}},"9":{"start":{"line":31,"column":0},"end":{"line":31,"column":20}}},"fnMap":{"0":{"name":"(anonymous_1)","decl":{"start":{"line":10,"column":35},"end":{"line":10,"column":36}},"loc":{"start":{"line":10,"column":57},"end":{"line":29,"column":1}}}},"branchMap":{},"s":{"0":1,"1":1,"2":1,"3":1,"4":2,"5":2,"6":2,"7":2,"8":2,"9":1},"f":{"0":2},"b":{}}
,"/Users/greg/Code/mysba/mysba-portal-frontend/src/components/SideNav/SideNav.tsx": {"path":"/Users/greg/Code/mysba/mysba-portal-frontend/src/components/SideNav/SideNav.tsx","statementMap":{"0":{"start":{"line":1,"column":0},"end":{"line":1,"column":26}},"1":{"start":{"line":2,"column":0},"end":{"line":2,"column":40}},"2":{"start":{"line":3,"column":0},"end":{"line":3,"column":47}},"3":{"start":{"line":4,"column":0},"end":{"line":4,"column":63}},"4":{"start":{"line":11,"column":40},"end":{"line":62,"column":1}},"5":{"start":{"line":12,"column":16},"end":{"line":12,"column":32}},"6":{"start":{"line":13,"column":27},"end":{"line":29,"column":4}},"7":{"start":{"line":31,"column":22},"end":{"line":33,"column":3}},"8":{"start":{"line":32,"column":4},"end":{"line":32,"column":21}},"9":{"start":{"line":35,"column":2},"end":{"line":61,"column":4}},"10":{"start":{"line":41,"column":8},"end":{"line":57,"column":null}},"11":{"start":{"line":46,"column":25},"end":{"line":46,"column":38}},"12":{"start":{"line":64,"column":0},"end":{"line":64,"column":23}}},"fnMap":{"0":{"name":"(anonymous_1)","decl":{"start":{"line":11,"column":40},"end":{"line":11,"column":41}},"loc":{"start":{"line":11,"column":82},"end":{"line":62,"column":1}}},"1":{"name":"(anonymous_2)","decl":{"start":{"line":31,"column":22},"end":{"line":31,"column":25}},"loc":{"start":{"line":31,"column":27},"end":{"line":33,"column":3}}},"2":{"name":"(anonymous_3)","decl":{"start":{"line":40,"column":28},"end":{"line":40,"column":32}},"loc":{"start":{"line":41,"column":8},"end":{"line":57,"column":null}}},"3":{"name":"(anonymous_4)","decl":{"start":{"line":46,"column":19},"end":{"line":46,"column":22}},"loc":{"start":{"line":46,"column":25},"end":{"line":46,"column":38}}}},"branchMap":{"0":{"loc":{"start":{"line":11,"column":59},"end":{"line":11,"column":76}},"type":"default-arg","locations":[{"start":{"line":11,"column":71},"end":{"line":11,"column":76}}]},"1":{"loc":{"start":{"line":47,"column":47},"end":{"line":47,"column":116}},"type":"cond-expr","locations":[{"start":{"line":47,"column":95},"end":{"line":47,"column":111}},{"start":{"line":47,"column":114},"end":{"line":47,"column":116}}]},"2":{"loc":{"start":{"line":48,"column":26},"end":{"line":48,"column":57}},"type":"cond-expr","locations":[{"start":{"line":48,"column":38},"end":{"line":48,"column":47}},{"start":{"line":48,"column":50},"end":{"line":48,"column":57}}]},"3":{"loc":{"start":{"line":51,"column":57},"end":{"line":51,"column":129}},"type":"cond-expr","locations":[{"start":{"line":51,"column":105},"end":{"line":51,"column":124}},{"start":{"line":51,"column":127},"end":{"line":51,"column":129}}]},"4":{"loc":{"start":{"line":54,"column":53},"end":{"line":54,"column":126}},"type":"cond-expr","locations":[{"start":{"line":54,"column":101},"end":{"line":54,"column":121}},{"start":{"line":54,"column":124},"end":{"line":54,"column":126}}]}},"s":{"0":1,"1":1,"2":1,"3":1,"4":1,"5":5,"6":5,"7":5,"8":0,"9":5,"10":15,"11":0,"12":1},"f":{"0":5,"1":0,"2":15,"3":0},"b":{"0":[0],"1":[0,15],"2":[15,0],"3":[0,15],"4":[0,15]}}
,"/Users/greg/Code/mysba/mysba-portal-frontend/src/pages/Error/ErrorPage.tsx": {"path":"/Users/greg/Code/mysba/mysba-portal-frontend/src/pages/Error/ErrorPage.tsx","statementMap":{"0":{"start":{"line":1,"column":0},"end":{"line":1,"column":41}},"1":{"start":{"line":2,"column":0},"end":{"line":2,"column":54}},"2":{"start":{"line":3,"column":0},"end":{"line":3,"column":47}},"3":{"start":{"line":4,"column":0},"end":{"line":4,"column":72}},"4":{"start":{"line":5,"column":0},"end":{"line":5,"column":42}},"5":{"start":{"line":6,"column":0},"end":{"line":6,"column":44}},"6":{"start":{"line":8,"column":18},"end":{"line":23,"column":1}},"7":{"start":{"line":9,"column":16},"end":{"line":9,"column":32}},"8":{"start":{"line":10,"column":19},"end":{"line":10,"column":32}},"9":{"start":{"line":12,"column":2},"end":{"line":15,"column":9}},"10":{"start":{"line":13,"column":4},"end":{"line":13,"column":28}},"11":{"start":{"line":14,"column":4},"end":{"line":14,"column":36}},"12":{"start":{"line":17,"column":2},"end":{"line":22,"column":4}},"13":{"start":{"line":25,"column":0},"end":{"line":25,"column":25}}},"fnMap":{"0":{"name":"(anonymous_7)","decl":{"start":{"line":8,"column":18},"end":{"line":8,"column":21}},"loc":{"start":{"line":8,"column":23},"end":{"line":23,"column":1}}},"1":{"name":"(anonymous_8)","decl":{"start":{"line":12,"column":12},"end":{"line":12,"column":15}},"loc":{"start":{"line":12,"column":17},"end":{"line":15,"column":3}}}},"branchMap":{},"s":{"0":1,"1":1,"2":1,"3":1,"4":1,"5":1,"6":1,"7":1,"8":1,"9":1,"10":1,"11":1,"12":1,"13":1},"f":{"0":1,"1":1},"b":{}}
,"/Users/greg/Code/mysba/mysba-portal-frontend/src/pages/Help/Help.tsx": {"path":"/Users/greg/Code/mysba/mysba-portal-frontend/src/pages/Help/Help.tsx","statementMap":{"0":{"start":{"line":1,"column":0},"end":{"line":1,"column":26}},"1":{"start":{"line":2,"column":0},"end":{"line":2,"column":52}},"2":{"start":{"line":3,"column":0},"end":{"line":3,"column":78}},"3":{"start":{"line":4,"column":0},"end":{"line":4,"column":47}},"4":{"start":{"line":5,"column":0},"end":{"line":5,"column":51}},"5":{"start":{"line":7,"column":30},"end":{"line":63,"column":1}},"6":{"start":{"line":8,"column":16},"end":{"line":8,"column":32}},"7":{"start":{"line":10,"column":2},"end":{"line":62,"column":4}},"8":{"start":{"line":16,"column":12},"end":{"line":31,"column":null}},"9":{"start":{"line":7,"column":13},"end":{"line":7,"column":30}},"10":{"start":{"line":65,"column":0},"end":{"line":65,"column":20}}},"fnMap":{"0":{"name":"(anonymous_1)","decl":{"start":{"line":7,"column":30},"end":{"line":7,"column":33}},"loc":{"start":{"line":7,"column":35},"end":{"line":63,"column":1}}},"1":{"name":"(anonymous_2)","decl":{"start":{"line":15,"column":40},"end":{"line":15,"column":43}},"loc":{"start":{"line":16,"column":12},"end":{"line":31,"column":null}}}},"branchMap":{},"s":{"0":1,"1":1,"2":1,"3":1,"4":1,"5":1,"6":4,"7":4,"8":32,"9":1,"10":1},"f":{"0":4,"1":32},"b":{}}
,"/Users/greg/Code/mysba/mysba-portal-frontend/src/pages/LinkLaunchPad/LinkLaunchPad.tsx": {"path":"/Users/greg/Code/mysba/mysba-portal-frontend/src/pages/LinkLaunchPad/LinkLaunchPad.tsx","statementMap":{"0":{"start":{"line":1,"column":0},"end":{"line":1,"column":51}},"1":{"start":{"line":2,"column":0},"end":{"line":2,"column":47}},"2":{"start":{"line":3,"column":0},"end":{"line":3,"column":47}},"3":{"start":{"line":4,"column":0},"end":{"line":4,"column":56}},"4":{"start":{"line":5,"column":0},"end":{"line":5,"column":42}},"5":{"start":{"line":6,"column":0},"end":{"line":6,"column":70}},"6":{"start":{"line":7,"column":0},"end":{"line":7,"column":51}},"7":{"start":{"line":8,"column":0},"end":{"line":8,"column":47}},"8":{"start":{"line":10,"column":22},"end":{"line":123,"column":1}},"9":{"start":{"line":11,"column":19},"end":{"line":11,"column":32}},"10":{"start":{"line":12,"column":19},"end":{"line":12,"column":32}},"11":{"start":{"line":13,"column":16},"end":{"line":13,"column":32}},"12":{"start":{"line":14,"column":40},"end":{"line":14,"column":64}},"13":{"start":{"line":15,"column":38},"end":{"line":15,"column":76}},"14":{"start":{"line":17,"column":2},"end":{"line":35,"column":9}},"15":{"start":{"line":18,"column":25},"end":{"line":26,"column":5}},"16":{"start":{"line":19,"column":26},"end":{"line":19,"column":43}},"17":{"start":{"line":20,"column":23},"end":{"line":20,"column":70}},"18":{"start":{"line":21,"column":22},"end":{"line":21,"column":45}},"19":{"start":{"line":22,"column":6},"end":{"line":24,"column":7}},"20":{"start":{"line":23,"column":8},"end":{"line":23,"column":24}},"21":{"start":{"line":25,"column":6},"end":{"line":25,"column":60}},"22":{"start":{"line":28,"column":4},"end":{"line":28,"column":19}},"23":{"start":{"line":30,"column":4},"end":{"line":30,"column":52}},"24":{"start":{"line":32,"column":4},"end":{"line":34,"column":6}},"25":{"start":{"line":33,"column":6},"end":{"line":33,"column":57}},"26":{"start":{"line":37,"column":29},"end":{"line":40,"column":3}},"27":{"start":{"line":38,"column":4},"end":{"line":38,"column":27}},"28":{"start":{"line":39,"column":4},"end":{"line":39,"column":32}},"29":{"start":{"line":42,"column":33},"end":{"line":44,"column":3}},"30":{"start":{"line":43,"column":4},"end":{"line":43,"column":25}},"31":{"start":{"line":46,"column":21},"end":{"line":48,"column":3}},"32":{"start":{"line":47,"column":4},"end":{"line":47,"column":26}},"33":{"start":{"line":50,"column":24},"end":{"line":53,"column":3}},"34":{"start":{"line":51,"column":4},"end":{"line":51,"column":27}},"35":{"start":{"line":52,"column":4},"end":{"line":52,"column":32}},"36":{"start":{"line":56,"column":4},"end":{"line":71,"column":null}},"37":{"start":{"line":75,"column":2},"end":{"line":122,"column":4}},"38":{"start":{"line":125,"column":0},"end":{"line":125,"column":29}}},"fnMap":{"0":{"name":"(anonymous_7)","decl":{"start":{"line":10,"column":22},"end":{"line":10,"column":25}},"loc":{"start":{"line":10,"column":27},"end":{"line":123,"column":1}}},"1":{"name":"(anonymous_8)","decl":{"start":{"line":17,"column":12},"end":{"line":17,"column":15}},"loc":{"start":{"line":17,"column":17},"end":{"line":35,"column":3}}},"2":{"name":"(anonymous_9)","decl":{"start":{"line":18,"column":25},"end":{"line":18,"column":28}},"loc":{"start":{"line":18,"column":30},"end":{"line":26,"column":5}}},"3":{"name":"(anonymous_10)","decl":{"start":{"line":32,"column":11},"end":{"line":32,"column":14}},"loc":{"start":{"line":32,"column":16},"end":{"line":34,"column":5}}},"4":{"name":"(anonymous_11)","decl":{"start":{"line":37,"column":29},"end":{"line":37,"column":32}},"loc":{"start":{"line":37,"column":34},"end":{"line":40,"column":3}}},"5":{"name":"(anonymous_12)","decl":{"start":{"line":42,"column":33},"end":{"line":42,"column":36}},"loc":{"start":{"line":42,"column":38},"end":{"line":44,"column":3}}},"6":{"name":"(anonymous_13)","decl":{"start":{"line":46,"column":21},"end":{"line":46,"column":24}},"loc":{"start":{"line":46,"column":26},"end":{"line":48,"column":3}}},"7":{"name":"(anonymous_14)","decl":{"start":{"line":50,"column":24},"end":{"line":50,"column":27}},"loc":{"start":{"line":50,"column":29},"end":{"line":53,"column":3}}}},"branchMap":{"0":{"loc":{"start":{"line":22,"column":6},"end":{"line":24,"column":7}},"type":"if","locations":[{"start":{"line":22,"column":6},"end":{"line":24,"column":7}}]},"1":{"loc":{"start":{"line":110,"column":7},"end":{"line":119,"column":null}},"type":"binary-expr","locations":[{"start":{"line":110,"column":7},"end":{"line":110,"column":18}},{"start":{"line":111,"column":8},"end":{"line":118,"column":null}}]}},"s":{"0":1,"1":1,"2":1,"3":1,"4":1,"5":1,"6":1,"7":1,"8":1,"9":2,"10":2,"11":2,"12":2,"13":2,"14":2,"15":1,"16":1,"17":1,"18":1,"19":1,"20":0,"21":1,"22":1,"23":1,"24":1,"25":1,"26":2,"27":0,"28":0,"29":2,"30":0,"31":2,"32":0,"33":2,"34":0,"35":0,"36":2,"37":2,"38":1},"f":{"0":2,"1":1,"2":1,"3":1,"4":0,"5":0,"6":0,"7":0},"b":{"0":[0],"1":[2,0]}}
,"/Users/greg/Code/mysba/mysba-portal-frontend/src/pages/Loading/Loading.tsx": {"path":"/Users/greg/Code/mysba/mysba-portal-frontend/src/pages/Loading/Loading.tsx","statementMap":{"0":{"start":{"line":1,"column":0},"end":{"line":1,"column":51}},"1":{"start":{"line":3,"column":0},"end":{"line":3,"column":26}},"2":{"start":{"line":4,"column":0},"end":{"line":4,"column":47}},"3":{"start":{"line":5,"column":0},"end":{"line":5,"column":47}},"4":{"start":{"line":6,"column":0},"end":{"line":6,"column":42}},"5":{"start":{"line":7,"column":0},"end":{"line":7,"column":47}},"6":{"start":{"line":8,"column":0},"end":{"line":8,"column":51}},"7":{"start":{"line":9,"column":0},"end":{"line":9,"column":72}},"8":{"start":{"line":10,"column":0},"end":{"line":10,"column":49}},"9":{"start":{"line":11,"column":0},"end":{"line":11,"column":58}},"10":{"start":{"line":13,"column":0},"end":{"line":13,"column":113}},"11":{"start":{"line":14,"column":0},"end":{"line":14,"column":59}},"12":{"start":{"line":15,"column":0},"end":{"line":15,"column":55}},"13":{"start":{"line":16,"column":0},"end":{"line":16,"column":63}},"14":{"start":{"line":17,"column":0},"end":{"line":17,"column":47}},"15":{"start":{"line":19,"column":33},"end":{"line":19,"column":36}},"16":{"start":{"line":21,"column":30},"end":{"line":48,"column":1}},"17":{"start":{"line":22,"column":2},"end":{"line":47,"column":3}},"18":{"start":{"line":23,"column":54},"end":{"line":35,"column":6}},"19":{"start":{"line":24,"column":65},"end":{"line":24,"column":80}},"20":{"start":{"line":26,"column":26},"end":{"line":26,"column":41}},"21":{"start":{"line":27,"column":22},"end":{"line":27,"column":41}},"22":{"start":{"line":28,"column":66},"end":{"line":28,"column":81}},"23":{"start":{"line":30,"column":26},"end":{"line":30,"column":41}},"24":{"start":{"line":32,"column":10},"end":{"line":32,"column":60}},"25":{"start":{"line":33,"column":10},"end":{"line":33,"column":20}},"26":{"start":{"line":36,"column":4},"end":{"line":43,"column":6}},"27":{"start":{"line":45,"column":4},"end":{"line":45,"column":54}},"28":{"start":{"line":46,"column":4},"end":{"line":46,"column":16}},"29":{"start":{"line":52,"column":33},"end":{"line":82,"column":1}},"30":{"start":{"line":53,"column":2},"end":{"line":55,"column":3}},"31":{"start":{"line":54,"column":4},"end":{"line":54,"column":46}},"32":{"start":{"line":56,"column":16},"end":{"line":56,"column":47}},"33":{"start":{"line":57,"column":21},"end":{"line":57,"column":76}},"34":{"start":{"line":58,"column":20},"end":{"line":58,"column":60}},"35":{"start":{"line":59,"column":21},"end":{"line":59,"column":62}},"36":{"start":{"line":60,"column":42},"end":{"line":72,"column":4}},"37":{"start":{"line":74,"column":2},"end":{"line":81,"column":4}},"38":{"start":{"line":84,"column":32},"end":{"line":115,"column":1}},"39":{"start":{"line":85,"column":15},"end":{"line":93,"column":4}},"40":{"start":{"line":94,"column":17},"end":{"line":104,"column":4}},"41":{"start":{"line":105,"column":18},"end":{"line":107,"column":4}},"42":{"start":{"line":106,"column":4},"end":{"line":106,"column":32}},"43":{"start":{"line":108,"column":2},"end":{"line":114,"column":4}},"44":{"start":{"line":117,"column":23},"end":{"line":134,"column":1}},"45":{"start":{"line":118,"column":2},"end":{"line":133,"column":3}},"46":{"start":{"line":119,"column":21},"end":{"line":125,"column":6}},"47":{"start":{"line":126,"column":4},"end":{"line":128,"column":5}},"48":{"start":{"line":127,"column":6},"end":{"line":127,"column":16}},"49":{"start":{"line":129,"column":4},"end":{"line":129,"column":25}},"50":{"start":{"line":131,"column":4},"end":{"line":131,"column":21}},"51":{"start":{"line":132,"column":4},"end":{"line":132,"column":14}},"52":{"start":{"line":136,"column":24},"end":{"line":148,"column":1}},"53":{"start":{"line":137,"column":2},"end":{"line":147,"column":3}},"54":{"start":{"line":138,"column":21},"end":{"line":142,"column":6}},"55":{"start":{"line":143,"column":4},"end":{"line":143,"column":25}},"56":{"start":{"line":145,"column":4},"end":{"line":145,"column":21}},"57":{"start":{"line":146,"column":4},"end":{"line":146,"column":16}},"58":{"start":{"line":150,"column":23},"end":{"line":171,"column":1}},"59":{"start":{"line":151,"column":2},"end":{"line":170,"column":3}},"60":{"start":{"line":152,"column":4},"end":{"line":169,"column":5}},"61":{"start":{"line":153,"column":31},"end":{"line":153,"column":55}},"62":{"start":{"line":155,"column":6},"end":{"line":160,"column":7}},"63":{"start":{"line":156,"column":8},"end":{"line":156,"column":49}},"64":{"start":{"line":158,"column":28},"end":{"line":158,"column":62}},"65":{"start":{"line":159,"column":8},"end":{"line":159,"column":65}},"66":{"start":{"line":161,"column":6},"end":{"line":161,"column":29}},"67":{"start":{"line":162,"column":6},"end":{"line":162,"column":37}},"68":{"start":{"line":163,"column":6},"end":{"line":163,"column":30}},"69":{"start":{"line":164,"column":6},"end":{"line":164,"column":69}},"70":{"start":{"line":166,"column":6},"end":{"line":166,"column":42}},"71":{"start":{"line":167,"column":6},"end":{"line":167,"column":35}},"72":{"start":{"line":168,"column":6},"end":{"line":168,"column":43}},"73":{"start":{"line":173,"column":21},"end":{"line":180,"column":1}},"74":{"start":{"line":174,"column":2},"end":{"line":174,"column":67}},"75":{"start":{"line":175,"column":2},"end":{"line":175,"column":80}},"76":{"start":{"line":176,"column":2},"end":{"line":176,"column":80}},"77":{"start":{"line":177,"column":2},"end":{"line":177,"column":25}},"78":{"start":{"line":178,"column":2},"end":{"line":178,"column":23}},"79":{"start":{"line":179,"column":2},"end":{"line":179,"column":27}},"80":{"start":{"line":182,"column":30},"end":{"line":192,"column":1}},"81":{"start":{"line":189,"column":2},"end":{"line":189,"column":81}},"82":{"start":{"line":189,"column":39},"end":{"line":189,"column":79}},"83":{"start":{"line":190,"column":2},"end":{"line":190,"column":63}},"84":{"start":{"line":190,"column":37},"end":{"line":190,"column":60}},"85":{"start":{"line":191,"column":2},"end":{"line":191,"column":51}},"86":{"start":{"line":194,"column":16},"end":{"line":305,"column":1}},"87":{"start":{"line":195,"column":48},"end":{"line":195,"column":59}},"88":{"start":{"line":196,"column":42},"end":{"line":196,"column":53}},"89":{"start":{"line":197,"column":46},"end":{"line":197,"column":72}},"90":{"start":{"line":198,"column":34},"end":{"line":198,"column":47}},"91":{"start":{"line":199,"column":19},"end":{"line":199,"column":32}},"92":{"start":{"line":200,"column":19},"end":{"line":200,"column":32}},"93":{"start":{"line":201,"column":22},"end":{"line":201,"column":38}},"94":{"start":{"line":202,"column":26},"end":{"line":202,"column":103}},"95":{"start":{"line":203,"column":40},"end":{"line":203,"column":55}},"96":{"start":{"line":204,"column":31},"end":{"line":204,"column":65}},"97":{"start":{"line":205,"column":26},"end":{"line":205,"column":88}},"98":{"start":{"line":206,"column":15},"end":{"line":206,"column":45}},"99":{"start":{"line":208,"column":2},"end":{"line":211,"column":17}},"100":{"start":{"line":209,"column":18},"end":{"line":209,"column":56}},"101":{"start":{"line":209,"column":35},"end":{"line":209,"column":48}},"102":{"start":{"line":210,"column":4},"end":{"line":210,"column":37}},"103":{"start":{"line":210,"column":17},"end":{"line":210,"column":36}},"104":{"start":{"line":213,"column":2},"end":{"line":216,"column":17}},"105":{"start":{"line":214,"column":4},"end":{"line":214,"column":28}},"106":{"start":{"line":215,"column":4},"end":{"line":215,"column":36}},"107":{"start":{"line":218,"column":2},"end":{"line":223,"column":35}},"108":{"start":{"line":219,"column":4},"end":{"line":222,"column":5}},"109":{"start":{"line":220,"column":6},"end":{"line":220,"column":27}},"110":{"start":{"line":221,"column":6},"end":{"line":221,"column":68}},"111":{"start":{"line":225,"column":2},"end":{"line":232,"column":21}},"112":{"start":{"line":226,"column":21},"end":{"line":229,"column":null}},"113":{"start":{"line":228,"column":8},"end":{"line":228,"column":116}},"114":{"start":{"line":231,"column":4},"end":{"line":231,"column":41}},"115":{"start":{"line":231,"column":17},"end":{"line":231,"column":40}},"116":{"start":{"line":234,"column":25},"end":{"line":239,"column":3}},"117":{"start":{"line":235,"column":20},"end":{"line":235,"column":47}},"118":{"start":{"line":236,"column":4},"end":{"line":236,"column":21}},"119":{"start":{"line":237,"column":4},"end":{"line":237,"column":42}},"120":{"start":{"line":238,"column":4},"end":{"line":238,"column":33}},"121":{"start":{"line":241,"column":17},"end":{"line":248,"column":3}},"122":{"start":{"line":242,"column":4},"end":{"line":246,"column":5}},"123":{"start":{"line":243,"column":6},"end":{"line":243,"column":35}},"124":{"start":{"line":244,"column":6},"end":{"line":244,"column":56}},"125":{"start":{"line":245,"column":6},"end":{"line":245,"column":13}},"126":{"start":{"line":247,"column":4},"end":{"line":247,"column":33}},"127":{"start":{"line":250,"column":2},"end":{"line":304,"column":4}},"128":{"start":{"line":307,"column":0},"end":{"line":307,"column":23}}},"fnMap":{"0":{"name":"(anonymous_7)","decl":{"start":{"line":21,"column":30},"end":{"line":21,"column":35}},"loc":{"start":{"line":21,"column":53},"end":{"line":48,"column":1}}},"1":{"name":"(anonymous_8)","decl":{"start":{"line":24,"column":53},"end":{"line":24,"column":61}},"loc":{"start":{"line":24,"column":65},"end":{"line":24,"column":80}}},"2":{"name":"(anonymous_9)","decl":{"start":{"line":26,"column":14},"end":{"line":26,"column":22}},"loc":{"start":{"line":26,"column":26},"end":{"line":26,"column":41}}},"3":{"name":"(anonymous_10)","decl":{"start":{"line":27,"column":14},"end":{"line":27,"column":18}},"loc":{"start":{"line":27,"column":22},"end":{"line":27,"column":41}}},"4":{"name":"(anonymous_11)","decl":{"start":{"line":28,"column":54},"end":{"line":28,"column":62}},"loc":{"start":{"line":28,"column":66},"end":{"line":28,"column":81}}},"5":{"name":"(anonymous_12)","decl":{"start":{"line":30,"column":14},"end":{"line":30,"column":22}},"loc":{"start":{"line":30,"column":26},"end":{"line":30,"column":41}}},"6":{"name":"(anonymous_13)","decl":{"start":{"line":31,"column":15},"end":{"line":31,"column":20}},"loc":{"start":{"line":31,"column":23},"end":{"line":34,"column":9}}},"7":{"name":"(anonymous_14)","decl":{"start":{"line":52,"column":33},"end":{"line":52,"column":38}},"loc":{"start":{"line":52,"column":90},"end":{"line":82,"column":1}}},"8":{"name":"(anonymous_15)","decl":{"start":{"line":84,"column":32},"end":{"line":84,"column":37}},"loc":{"start":{"line":84,"column":104},"end":{"line":115,"column":1}}},"9":{"name":"(anonymous_16)","decl":{"start":{"line":105,"column":52},"end":{"line":105,"column":57}},"loc":{"start":{"line":105,"column":60},"end":{"line":107,"column":3}}},"10":{"name":"(anonymous_17)","decl":{"start":{"line":117,"column":23},"end":{"line":117,"column":28}},"loc":{"start":{"line":117,"column":101},"end":{"line":134,"column":1}}},"11":{"name":"(anonymous_18)","decl":{"start":{"line":136,"column":24},"end":{"line":136,"column":29}},"loc":{"start":{"line":136,"column":102},"end":{"line":148,"column":1}}},"12":{"name":"(anonymous_19)","decl":{"start":{"line":150,"column":23},"end":{"line":150,"column":28}},"loc":{"start":{"line":150,"column":114},"end":{"line":171,"column":1}}},"13":{"name":"(anonymous_20)","decl":{"start":{"line":173,"column":21},"end":{"line":173,"column":26}},"loc":{"start":{"line":173,"column":45},"end":{"line":180,"column":1}}},"14":{"name":"(anonymous_21)","decl":{"start":{"line":182,"column":30},"end":{"line":182,"column":null}},"loc":{"start":{"line":188,"column":4},"end":{"line":192,"column":1}}},"15":{"name":"(anonymous_22)","decl":{"start":{"line":189,"column":21},"end":{"line":189,"column":22}},"loc":{"start":{"line":189,"column":39},"end":{"line":189,"column":79}}},"16":{"name":"(anonymous_23)","decl":{"start":{"line":190,"column":18},"end":{"line":190,"column":19}},"loc":{"start":{"line":190,"column":37},"end":{"line":190,"column":60}}},"17":{"name":"(anonymous_24)","decl":{"start":{"line":194,"column":16},"end":{"line":194,"column":19}},"loc":{"start":{"line":194,"column":21},"end":{"line":305,"column":1}}},"18":{"name":"(anonymous_25)","decl":{"start":{"line":208,"column":12},"end":{"line":208,"column":15}},"loc":{"start":{"line":208,"column":17},"end":{"line":211,"column":3}}},"19":{"name":"(anonymous_26)","decl":{"start":{"line":209,"column":29},"end":{"line":209,"column":32}},"loc":{"start":{"line":209,"column":35},"end":{"line":209,"column":48}}},"20":{"name":"(anonymous_27)","decl":{"start":{"line":210,"column":11},"end":{"line":210,"column":14}},"loc":{"start":{"line":210,"column":17},"end":{"line":210,"column":36}}},"21":{"name":"(anonymous_28)","decl":{"start":{"line":213,"column":12},"end":{"line":213,"column":15}},"loc":{"start":{"line":213,"column":17},"end":{"line":216,"column":3}}},"22":{"name":"(anonymous_29)","decl":{"start":{"line":218,"column":12},"end":{"line":218,"column":15}},"loc":{"start":{"line":218,"column":17},"end":{"line":223,"column":3}}},"23":{"name":"(anonymous_30)","decl":{"start":{"line":225,"column":12},"end":{"line":225,"column":15}},"loc":{"start":{"line":225,"column":17},"end":{"line":232,"column":3}}},"24":{"name":"(anonymous_31)","decl":{"start":{"line":227,"column":6},"end":{"line":227,"column":9}},"loc":{"start":{"line":228,"column":8},"end":{"line":228,"column":116}}},"25":{"name":"(anonymous_32)","decl":{"start":{"line":231,"column":11},"end":{"line":231,"column":14}},"loc":{"start":{"line":231,"column":17},"end":{"line":231,"column":40}}},"26":{"name":"(anonymous_33)","decl":{"start":{"line":234,"column":25},"end":{"line":234,"column":28}},"loc":{"start":{"line":234,"column":30},"end":{"line":239,"column":3}}},"27":{"name":"(anonymous_34)","decl":{"start":{"line":241,"column":17},"end":{"line":241,"column":22}},"loc":{"start":{"line":241,"column":28},"end":{"line":248,"column":3}}}},"branchMap":{"0":{"loc":{"start":{"line":53,"column":2},"end":{"line":55,"column":3}},"type":"if","locations":[{"start":{"line":53,"column":2},"end":{"line":55,"column":3}}]},"1":{"loc":{"start":{"line":56,"column":16},"end":{"line":56,"column":47}},"type":"binary-expr","locations":[{"start":{"line":56,"column":16},"end":{"line":56,"column":41}},{"start":{"line":56,"column":45},"end":{"line":56,"column":47}}]},"2":{"loc":{"start":{"line":61,"column":16},"end":{"line":61,"column":37}},"type":"binary-expr","locations":[{"start":{"line":61,"column":16},"end":{"line":61,"column":31}},{"start":{"line":61,"column":35},"end":{"line":61,"column":37}}]},"3":{"loc":{"start":{"line":62,"column":17},"end":{"line":62,"column":39}},"type":"binary-expr","locations":[{"start":{"line":62,"column":17},"end":{"line":62,"column":33}},{"start":{"line":62,"column":37},"end":{"line":62,"column":39}}]},"4":{"loc":{"start":{"line":63,"column":11},"end":{"line":63,"column":27}},"type":"binary-expr","locations":[{"start":{"line":63,"column":11},"end":{"line":63,"column":21}},{"start":{"line":63,"column":25},"end":{"line":63,"column":27}}]},"5":{"loc":{"start":{"line":64,"column":9},"end":{"line":64,"column":23}},"type":"binary-expr","locations":[{"start":{"line":64,"column":9},"end":{"line":64,"column":17}},{"start":{"line":64,"column":21},"end":{"line":64,"column":23}}]},"6":{"loc":{"start":{"line":65,"column":10},"end":{"line":65,"column":25}},"type":"binary-expr","locations":[{"start":{"line":65,"column":10},"end":{"line":65,"column":19}},{"start":{"line":65,"column":23},"end":{"line":65,"column":25}}]},"7":{"loc":{"start":{"line":66,"column":12},"end":{"line":66,"column":29}},"type":"binary-expr","locations":[{"start":{"line":66,"column":12},"end":{"line":66,"column":23}},{"start":{"line":66,"column":27},"end":{"line":66,"column":29}}]},"8":{"loc":{"start":{"line":67,"column":24},"end":{"line":67,"column":53}},"type":"binary-expr","locations":[{"start":{"line":67,"column":24},"end":{"line":67,"column":47}},{"start":{"line":67,"column":51},"end":{"line":67,"column":53}}]},"9":{"loc":{"start":{"line":68,"column":15},"end":{"line":68,"column":34}},"type":"binary-expr","locations":[{"start":{"line":68,"column":15},"end":{"line":68,"column":28}},{"start":{"line":68,"column":32},"end":{"line":68,"column":34}}]},"10":{"loc":{"start":{"line":69,"column":16},"end":{"line":69,"column":36}},"type":"binary-expr","locations":[{"start":{"line":69,"column":16},"end":{"line":69,"column":31}},{"start":{"line":69,"column":35},"end":{"line":69,"column":36}}]},"11":{"loc":{"start":{"line":70,"column":20},"end":{"line":70,"column":48}},"type":"binary-expr","locations":[{"start":{"line":70,"column":20},"end":{"line":70,"column":39}},{"start":{"line":70,"column":43},"end":{"line":70,"column":48}}]},"12":{"loc":{"start":{"line":109,"column":4},"end":{"line":113,"column":null}},"type":"binary-expr","locations":[{"start":{"line":109,"column":4},"end":{"line":109,"column":32}},{"start":{"line":109,"column":36},"end":{"line":113,"column":null}}]},"13":{"loc":{"start":{"line":110,"column":17},"end":{"line":110,"column":38}},"type":"binary-expr","locations":[{"start":{"line":110,"column":17},"end":{"line":110,"column":32}},{"start":{"line":110,"column":36},"end":{"line":110,"column":38}}]},"14":{"loc":{"start":{"line":111,"column":16},"end":{"line":111,"column":38}},"type":"binary-expr","locations":[{"start":{"line":111,"column":16},"end":{"line":111,"column":32}},{"start":{"line":111,"column":36},"end":{"line":111,"column":38}}]},"15":{"loc":{"start":{"line":112,"column":13},"end":{"line":112,"column":29}},"type":"binary-expr","locations":[{"start":{"line":112,"column":13},"end":{"line":112,"column":23}},{"start":{"line":112,"column":27},"end":{"line":112,"column":29}}]},"16":{"loc":{"start":{"line":126,"column":4},"end":{"line":128,"column":5}},"type":"if","locations":[{"start":{"line":126,"column":4},"end":{"line":128,"column":5}}]},"17":{"loc":{"start":{"line":151,"column":2},"end":{"line":170,"column":3}},"type":"if","locations":[{"start":{"line":151,"column":2},"end":{"line":170,"column":3}}]},"18":{"loc":{"start":{"line":155,"column":6},"end":{"line":160,"column":7}},"type":"if","locations":[{"start":{"line":155,"column":6},"end":{"line":160,"column":7}},{"start":{"line":157,"column":13},"end":{"line":160,"column":7}}]},"19":{"loc":{"start":{"line":164,"column":15},"end":{"line":164,"column":67}},"type":"binary-expr","locations":[{"start":{"line":164,"column":15},"end":{"line":164,"column":51}},{"start":{"line":164,"column":55},"end":{"line":164,"column":67}}]},"20":{"loc":{"start":{"line":190,"column":37},"end":{"line":190,"column":60}},"type":"cond-expr","locations":[{"start":{"line":190,"column":48},"end":{"line":190,"column":56}},{"start":{"line":190,"column":59},"end":{"line":190,"column":60}}]},"21":{"loc":{"start":{"line":205,"column":35},"end":{"line":205,"column":87}},"type":"binary-expr","locations":[{"start":{"line":205,"column":35},"end":{"line":205,"column":63}},{"start":{"line":205,"column":67},"end":{"line":205,"column":79}},{"start":{"line":205,"column":83},"end":{"line":205,"column":87}}]},"22":{"loc":{"start":{"line":219,"column":4},"end":{"line":222,"column":5}},"type":"if","locations":[{"start":{"line":219,"column":4},"end":{"line":222,"column":5}}]},"23":{"loc":{"start":{"line":219,"column":8},"end":{"line":219,"column":50}},"type":"binary-expr","locations":[{"start":{"line":219,"column":8},"end":{"line":219,"column":34}},{"start":{"line":219,"column":38},"end":{"line":219,"column":50}}]},"24":{"loc":{"start":{"line":235,"column":20},"end":{"line":235,"column":47}},"type":"cond-expr","locations":[{"start":{"line":235,"column":36},"end":{"line":235,"column":40}},{"start":{"line":235,"column":43},"end":{"line":235,"column":47}}]},"25":{"loc":{"start":{"line":242,"column":4},"end":{"line":246,"column":5}},"type":"if","locations":[{"start":{"line":242,"column":4},"end":{"line":246,"column":5}}]},"26":{"loc":{"start":{"line":259,"column":21},"end":{"line":259,"column":58}},"type":"cond-expr","locations":[{"start":{"line":259,"column":37},"end":{"line":259,"column":46}},{"start":{"line":259,"column":49},"end":{"line":259,"column":58}}]},"27":{"loc":{"start":{"line":261,"column":18},"end":{"line":263,"column":81}},"type":"cond-expr","locations":[{"start":{"line":262,"column":22},"end":{"line":262,"column":58}},{"start":{"line":263,"column":22},"end":{"line":263,"column":81}}]},"28":{"loc":{"start":{"line":270,"column":18},"end":{"line":272,"column":81}},"type":"cond-expr","locations":[{"start":{"line":271,"column":22},"end":{"line":271,"column":58}},{"start":{"line":272,"column":22},"end":{"line":272,"column":81}}]},"29":{"loc":{"start":{"line":281,"column":28},"end":{"line":281,"column":55}},"type":"cond-expr","locations":[{"start":{"line":281,"column":44},"end":{"line":281,"column":48}},{"start":{"line":281,"column":51},"end":{"line":281,"column":55}}]},"30":{"loc":{"start":{"line":281,"column":58},"end":{"line":281,"column":95}},"type":"cond-expr","locations":[{"start":{"line":281,"column":74},"end":{"line":281,"column":83}},{"start":{"line":281,"column":86},"end":{"line":281,"column":95}}]}},"s":{"0":1,"1":1,"2":1,"3":1,"4":1,"5":1,"6":1,"7":1,"8":1,"9":1,"10":1,"11":1,"12":1,"13":1,"14":1,"15":1,"16":1,"17":0,"18":0,"19":0,"20":0,"21":0,"22":0,"23":0,"24":0,"25":0,"26":0,"27":0,"28":0,"29":1,"30":0,"31":0,"32":0,"33":0,"34":0,"35":0,"36":0,"37":0,"38":1,"39":0,"40":0,"41":0,"42":0,"43":0,"44":1,"45":0,"46":0,"47":0,"48":0,"49":0,"50":0,"51":0,"52":1,"53":0,"54":0,"55":0,"56":0,"57":0,"58":1,"59":0,"60":0,"61":0,"62":0,"63":0,"64":0,"65":0,"66":0,"67":0,"68":0,"69":0,"70":0,"71":0,"72":0,"73":1,"74":0,"75":0,"76":0,"77":0,"78":0,"79":0,"80":1,"81":0,"82":0,"83":0,"84":0,"85":0,"86":1,"87":1,"88":1,"89":1,"90":1,"91":1,"92":1,"93":1,"94":1,"95":1,"96":1,"97":1,"98":1,"99":1,"100":1,"101":0,"102":1,"103":1,"104":1,"105":1,"106":1,"107":1,"108":1,"109":0,"110":0,"111":1,"112":1,"113":0,"114":1,"115":1,"116":1,"117":0,"118":0,"119":0,"120":0,"121":1,"122":0,"123":0,"124":0,"125":0,"126":0,"127":1,"128":1},"f":{"0":0,"1":0,"2":0,"3":0,"4":0,"5":0,"6":0,"7":0,"8":0,"9":0,"10":0,"11":0,"12":0,"13":0,"14":0,"15":0,"16":0,"17":1,"18":1,"19":0,"20":1,"21":1,"22":1,"23":1,"24":0,"25":1,"26":0,"27":0},"b":{"0":[0],"1":[0,0],"2":[0,0],"3":[0,0],"4":[0,0],"5":[0,0],"6":[0,0],"7":[0,0],"8":[0,0],"9":[0,0],"10":[0,0],"11":[0,0],"12":[0,0],"13":[0,0],"14":[0,0],"15":[0,0],"16":[0],"17":[0],"18":[0,0],"19":[0,0],"20":[0,0],"21":[1,1,0],"22":[0],"23":[1,0],"24":[0,0],"25":[0],"26":[1,0],"27":[1,0],"28":[1,0],"29":[1,0],"30":[1,0]}}
,"/Users/greg/Code/mysba/mysba-portal-frontend/src/pages/Loans/Loans.tsx": {"path":"/Users/greg/Code/mysba/mysba-portal-frontend/src/pages/Loans/Loans.tsx","statementMap":{"0":{"start":{"line":1,"column":0},"end":{"line":1,"column":26}},"1":{"start":{"line":2,"column":0},"end":{"line":2,"column":54}},"2":{"start":{"line":3,"column":0},"end":{"line":3,"column":47}},"3":{"start":{"line":4,"column":0},"end":{"line":4,"column":47}},"4":{"start":{"line":6,"column":14},"end":{"line":54,"column":1}},"5":{"start":{"line":7,"column":16},"end":{"line":7,"column":32}},"6":{"start":{"line":8,"column":2},"end":{"line":53,"column":4}},"7":{"start":{"line":41,"column":16},"end":{"line":41,"column":35}},"8":{"start":{"line":42,"column":16},"end":{"line":42,"column":65}},"9":{"start":{"line":56,"column":0},"end":{"line":56,"column":21}}},"fnMap":{"0":{"name":"(anonymous_1)","decl":{"start":{"line":6,"column":14},"end":{"line":6,"column":17}},"loc":{"start":{"line":6,"column":19},"end":{"line":54,"column":1}}},"1":{"name":"(anonymous_2)","decl":{"start":{"line":40,"column":23},"end":{"line":40,"column":24}},"loc":{"start":{"line":40,"column":27},"end":{"line":43,"column":15}}}},"branchMap":{},"s":{"0":1,"1":1,"2":1,"3":1,"4":1,"5":1,"6":1,"7":0,"8":0,"9":1},"f":{"0":1,"1":0},"b":{}}
,"/Users/greg/Code/mysba/mysba-portal-frontend/src/store/store.ts": {"path":"/Users/greg/Code/mysba/mysba-portal-frontend/src/store/store.ts","statementMap":{"0":{"start":{"line":1,"column":0},"end":{"line":1,"column":71}},"1":{"start":{"line":2,"column":0},"end":{"line":2,"column":43}},"2":{"start":{"line":3,"column":0},"end":{"line":3,"column":60}},"3":{"start":{"line":5,"column":13},"end":{"line":10,"column":3}}},"fnMap":{},"branchMap":{},"s":{"0":4,"1":4,"2":4,"3":4},"f":{},"b":{}}
,"/Users/greg/Code/mysba/mysba-portal-frontend/src/store/showNav/showNavSlice.ts": {"path":"/Users/greg/Code/mysba/mysba-portal-frontend/src/store/showNav/showNavSlice.ts","statementMap":{"0":{"start":{"line":1,"column":0},"end":{"line":1,"column":78}},"1":{"start":{"line":9,"column":31},"end":{"line":12,"column":2}},"2":{"start":{"line":14,"column":13},"end":{"line":25,"column":3}},"3":{"start":{"line":19,"column":6},"end":{"line":19,"column":35}},"4":{"start":{"line":22,"column":6},"end":{"line":22,"column":41}},"5":{"start":{"line":27,"column":13},"end":{"line":27,"column":42}},"6":{"start":{"line":30,"column":13},"end":{"line":33,"column":2}},"7":{"start":{"line":31,"column":24},"end":{"line":31,"column":43}},"8":{"start":{"line":32,"column":13},"end":{"line":32,"column":20}},"9":{"start":{"line":36,"column":13},"end":{"line":39,"column":2}},"10":{"start":{"line":37,"column":24},"end":{"line":37,"column":49}},"11":{"start":{"line":38,"column":17},"end":{"line":38,"column":28}},"12":{"start":{"line":41,"column":0},"end":{"line":41,"column":36}}},"fnMap":{"0":{"name":"(anonymous_0)","decl":{"start":{"line":18,"column":12},"end":{"line":18,"column":13}},"loc":{"start":{"line":18,"column":54},"end":{"line":20,"column":5}}},"1":{"name":"(anonymous_1)","decl":{"start":{"line":21,"column":20},"end":{"line":21,"column":21}},"loc":{"start":{"line":21,"column":62},"end":{"line":23,"column":5}}},"2":{"name":"(anonymous_2)","decl":{"start":{"line":31,"column":2},"end":{"line":31,"column":3}},"loc":{"start":{"line":31,"column":24},"end":{"line":31,"column":43}}},"3":{"name":"(anonymous_3)","decl":{"start":{"line":32,"column":2},"end":{"line":32,"column":9}},"loc":{"start":{"line":32,"column":13},"end":{"line":32,"column":20}}},"4":{"name":"(anonymous_4)","decl":{"start":{"line":37,"column":2},"end":{"line":37,"column":3}},"loc":{"start":{"line":37,"column":24},"end":{"line":37,"column":49}}},"5":{"name":"(anonymous_5)","decl":{"start":{"line":38,"column":2},"end":{"line":38,"column":13}},"loc":{"start":{"line":38,"column":17},"end":{"line":38,"column":28}}}},"branchMap":{},"s":{"0":5,"1":5,"2":5,"3":2,"4":2,"5":5,"6":5,"7":3,"8":3,"9":5,"10":3,"11":3,"12":5},"f":{"0":2,"1":2,"2":3,"3":3,"4":3,"5":3},"b":{}}
,"/Users/greg/Code/mysba/mysba-portal-frontend/src/store/user/userSlice.ts": {"path":"/Users/greg/Code/mysba/mysba-portal-frontend/src/store/user/userSlice.ts","statementMap":{"0":{"start":{"line":1,"column":0},"end":{"line":1,"column":63}},"1":{"start":{"line":4,"column":21},"end":{"line":4,"column":23}},"2":{"start":{"line":6,"column":18},"end":{"line":14,"column":2}},"3":{"start":{"line":11,"column":6},"end":{"line":11,"column":28}},"4":{"start":{"line":16,"column":15},"end":{"line":16,"column":45}},"5":{"start":{"line":17,"column":13},"end":{"line":20,"column":2}},"6":{"start":{"line":18,"column":24},"end":{"line":18,"column":34}},"7":{"start":{"line":19,"column":10},"end":{"line":19,"column":14}},"8":{"start":{"line":21,"column":0},"end":{"line":21,"column":33}}},"fnMap":{"0":{"name":"(anonymous_0)","decl":{"start":{"line":10,"column":13},"end":{"line":10,"column":14}},"loc":{"start":{"line":10,"column":31},"end":{"line":12,"column":5}}},"1":{"name":"(anonymous_1)","decl":{"start":{"line":18,"column":2},"end":{"line":18,"column":3}},"loc":{"start":{"line":18,"column":24},"end":{"line":18,"column":34}}},"2":{"name":"(anonymous_2)","decl":{"start":{"line":19,"column":2},"end":{"line":19,"column":6}},"loc":{"start":{"line":19,"column":10},"end":{"line":19,"column":14}}}},"branchMap":{},"s":{"0":4,"1":4,"2":4,"3":0,"4":4,"5":4,"6":0,"7":0,"8":4},"f":{"0":0,"1":0,"2":0},"b":{}}
,"/Users/greg/Code/mysba/mysba-portal-frontend/src/utils/frequentlyAskedQuestions.ts": {"path":"/Users/greg/Code/mysba/mysba-portal-frontend/src/utils/frequentlyAskedQuestions.ts","statementMap":{"0":{"start":{"line":7,"column":65},"end":{"line":88,"column":2}},"1":{"start":{"line":90,"column":9},"end":{"line":90,"column":33}}},"fnMap":{},"branchMap":{},"s":{"0":1,"1":1},"f":{},"b":{}}
}
