TN:
SF:src/assets/business-card-icon.svg
FNF:0
FNH:0
DA:1,1
LF:1
LH:1
BRF:0
BRH:0
end_of_record
TN:
SF:src/assets/dot-icon.svg
FNF:0
FNH:0
DA:1,1
LF:1
LH:1
BRF:0
BRH:0
end_of_record
TN:
SF:src/assets/error.svg
FNF:0
FNH:0
DA:1,1
LF:1
LH:1
BRF:0
BRH:0
end_of_record
TN:
SF:src/assets/icon-dot-gov.svg
FNF:0
FNH:0
DA:1,2
LF:1
LH:1
BRF:0
BRH:0
end_of_record
TN:
SF:src/assets/icon-https.svg
FNF:0
FNH:0
DA:1,2
LF:1
LH:1
BRF:0
BRH:0
end_of_record
TN:
SF:src/assets/loading.gif
FNF:0
FNH:0
DA:1,1
LF:1
LH:1
BRF:0
BRH:0
end_of_record
TN:
SF:src/assets/loans-gears.svg
FNF:0
FNH:0
DA:1,1
LF:1
LH:1
BRF:0
BRH:0
end_of_record
TN:
SF:src/assets/logo-horizontal-spanish.svg
FNF:0
FNH:0
DA:1,2
LF:1
LH:1
BRF:0
BRH:0
end_of_record
TN:
SF:src/assets/logo-horizontal.svg
FNF:0
FNH:0
DA:1,2
LF:1
LH:1
BRF:0
BRH:0
end_of_record
TN:
SF:src/assets/logo-sm.svg
FNF:0
FNH:0
DA:1,2
LF:1
LH:1
BRF:0
BRH:0
end_of_record
TN:
SF:src/assets/next-sign.svg
FNF:0
FNH:0
DA:1,1
LF:1
LH:1
BRF:0
BRH:0
end_of_record
TN:
SF:src/assets/profile.svg
FNF:0
FNH:0
DA:1,1
LF:1
LH:1
BRF:0
BRH:0
end_of_record
TN:
SF:src/assets/us_flag.svg
FNF:0
FNH:0
DA:1,2
LF:1
LH:1
BRF:0
BRH:0
end_of_record
TN:
SF:src/components/Alert/Alert.tsx
FN:12,(anonymous_1)
FNF:1
FNH:1
FNDA:8,(anonymous_1)
DA:1,4
DA:2,4
DA:3,4
DA:12,4
DA:13,8
DA:15,8
LF:6
LH:6
BRDA:12,0,0,3
BRDA:12,1,0,7
BRDA:18,2,0,1
BRDA:18,2,1,7
BRDA:21,3,0,8
BRDA:21,3,1,5
BRDA:23,4,0,3
BRDA:23,4,1,5
BRF:8
BRH:8
end_of_record
TN:
SF:src/components/BusinessCard/BusinessCard.tsx
FN:8,(anonymous_7)
FN:13,(anonymous_8)
FN:14,updateScreenSize
FN:24,(anonymous_10)
FNF:4
FNH:4
FNDA:6,(anonymous_7)
FNDA:3,(anonymous_8)
FNDA:4,updateScreenSize
FNDA:3,(anonymous_10)
DA:1,1
DA:2,1
DA:3,1
DA:4,1
DA:5,1
DA:6,1
DA:8,1
DA:9,6
DA:10,6
DA:11,6
DA:13,6
DA:15,4
DA:16,3
DA:18,1
DA:22,3
DA:23,3
DA:24,3
DA:28,6
DA:40,6
LF:19
LH:19
BRDA:8,0,0,0
BRDA:15,1,0,3
BRDA:15,1,1,1
BRDA:15,2,0,4
BRDA:15,2,1,3
BRDA:30,3,0,3
BRDA:30,3,1,3
BRF:7
BRH:6
end_of_record
TN:
SF:src/components/Field/Field.tsx
FN:10,(anonymous_1)
FNF:1
FNH:1
FNDA:2,(anonymous_1)
DA:1,1
DA:2,1
DA:3,1
DA:10,1
DA:11,2
DA:12,2
DA:22,1
LF:7
LH:7
BRF:0
BRH:0
end_of_record
TN:
SF:src/components/GovBanner/GovBanner.tsx
FN:8,(anonymous_1)
FNF:1
FNH:1
FNDA:7,(anonymous_1)
DA:1,2
DA:2,2
DA:3,2
DA:4,2
DA:5,2
DA:6,2
DA:8,2
DA:9,7
DA:10,7
DA:87,2
LF:10
LH:10
BRF:0
BRH:0
end_of_record
TN:
SF:src/components/Header/Header.tsx
FN:15,(anonymous_7)
FN:19,(anonymous_8)
FN:37,(anonymous_9)
FN:41,(anonymous_10)
FN:45,(anonymous_11)
FN:52,handleFocusOut
FN:57,handleNavLinkClick
FN:61,(anonymous_14)
FN:62,(anonymous_15)
FN:68,(anonymous_16)
FN:73,(anonymous_17)
FNF:11
FNH:7
FNDA:6,(anonymous_7)
FNDA:4,(anonymous_8)
FNDA:1,(anonymous_9)
FNDA:0,(anonymous_10)
FNDA:1,(anonymous_11)
FNDA:0,handleFocusOut
FNDA:0,handleNavLinkClick
FNDA:4,(anonymous_14)
FNDA:0,(anonymous_15)
FNDA:4,(anonymous_16)
FNDA:1,(anonymous_17)
DA:1,1
DA:2,1
DA:3,1
DA:4,1
DA:5,1
DA:6,1
DA:7,1
DA:8,1
DA:9,1
DA:10,1
DA:11,1
DA:12,1
DA:13,1
DA:15,1
DA:16,6
DA:17,6
DA:19,6
DA:21,4
DA:23,4
DA:24,4
DA:28,6
DA:29,6
DA:30,6
DA:31,6
DA:32,6
DA:33,6
DA:34,6
DA:35,6
DA:37,6
DA:38,1
DA:41,6
DA:42,0
DA:45,6
DA:46,1
DA:47,1
DA:48,1
DA:49,1
DA:53,0
DA:54,0
DA:58,0
DA:61,6
DA:62,4
DA:63,0
DA:64,0
DA:68,4
DA:69,4
DA:73,6
DA:74,1
DA:75,0
DA:76,0
DA:77,0
DA:78,0
DA:79,0
DA:80,0
DA:81,0
DA:82,0
DA:85,1
DA:86,1
DA:87,1
DA:88,1
DA:89,1
DA:90,1
DA:91,1
DA:94,6
DA:201,1
LF:65
LH:51
BRDA:21,0,0,4
BRDA:29,1,0,6
BRDA:29,1,1,3
BRDA:29,1,2,0
BRDA:46,2,0,1
BRDA:46,2,1,0
BRDA:63,3,0,0
BRDA:63,4,0,0
BRDA:63,4,1,0
BRDA:63,4,2,0
BRDA:74,5,0,0
BRDA:105,6,0,3
BRDA:105,6,1,3
BRDA:107,7,0,3
BRDA:107,7,1,3
BRDA:116,8,0,3
BRDA:116,8,1,3
BRDA:126,9,0,5
BRDA:126,9,1,1
BRDA:133,10,0,3
BRDA:133,10,1,3
BRDA:134,11,0,3
BRDA:134,11,1,3
BRDA:139,12,0,6
BRDA:139,12,1,5
BRDA:152,13,0,6
BRDA:152,13,1,5
BRDA:168,14,0,6
BRDA:168,14,1,1
BRDA:168,14,2,1
BRDA:182,15,0,6
BRDA:182,15,1,5
BRDA:184,16,0,1
BRDA:184,16,1,4
BRF:34
BRH:27
end_of_record
TN:
SF:src/components/Modal/Modal.tsx
FN:27,(anonymous_7)
FN:29,(anonymous_8)
FN:46,(anonymous_9)
FN:52,(anonymous_10)
FN:56,(anonymous_11)
FN:73,(anonymous_12)
FN:96,(anonymous_13)
FN:108,(anonymous_14)
FNF:8
FNH:6
FNDA:5,(anonymous_7)
FNDA:0,(anonymous_8)
FNDA:5,(anonymous_9)
FNDA:1,(anonymous_10)
FNDA:3,(anonymous_11)
FNDA:0,(anonymous_12)
FNDA:3,(anonymous_13)
FNDA:1,(anonymous_14)
DA:1,2
DA:2,2
DA:3,2
DA:4,2
DA:5,2
DA:27,2
DA:41,5
DA:42,5
DA:43,5
DA:44,5
DA:46,5
DA:47,5
DA:48,1
DA:52,5
DA:53,1
DA:56,5
DA:57,3
DA:58,2
DA:59,1
DA:62,5
DA:74,0
DA:75,0
DA:97,3
DA:98,3
DA:99,3
DA:100,3
DA:102,3
DA:108,1
DA:144,2
LF:29
LH:27
BRDA:29,0,0,4
BRDA:30,1,0,0
BRDA:31,2,0,4
BRDA:32,3,0,4
BRDA:38,4,0,5
BRDA:47,5,0,1
BRDA:47,6,0,5
BRDA:47,6,1,1
BRDA:53,7,0,1
BRDA:57,8,0,1
BRDA:58,9,0,1
BRDA:68,10,0,5
BRDA:68,10,1,5
BRDA:74,11,0,0
BRDA:89,12,0,5
BRDA:89,12,1,1
BRDA:104,13,0,3
BRDA:104,13,1,1
BRDA:118,14,0,1
BRDA:118,14,1,0
BRDA:127,15,0,5
BRDA:127,15,1,1
BRDA:128,16,0,5
BRDA:128,16,1,1
BRDA:129,17,0,5
BRDA:129,17,1,1
BRDA:133,18,0,5
BRDA:133,18,1,1
BRF:28
BRH:25
end_of_record
TN:
SF:src/components/Pill/Pill.tsx
FN:10,(anonymous_1)
FNF:1
FNH:1
FNDA:2,(anonymous_1)
DA:1,1
DA:2,1
DA:3,1
DA:10,1
DA:11,2
DA:12,2
DA:13,2
DA:19,2
DA:21,2
DA:31,1
LF:10
LH:10
BRF:0
BRH:0
end_of_record
TN:
SF:src/components/SideNav/SideNav.tsx
FN:11,(anonymous_1)
FN:31,(anonymous_2)
FN:40,(anonymous_3)
FN:46,(anonymous_4)
FNF:4
FNH:2
FNDA:5,(anonymous_1)
FNDA:0,(anonymous_2)
FNDA:15,(anonymous_3)
FNDA:0,(anonymous_4)
DA:1,1
DA:2,1
DA:3,1
DA:4,1
DA:11,1
DA:12,5
DA:13,5
DA:31,5
DA:32,0
DA:35,5
DA:41,15
DA:46,0
DA:64,1
LF:13
LH:11
BRDA:11,0,0,0
BRDA:47,1,0,0
BRDA:47,1,1,15
BRDA:48,2,0,15
BRDA:48,2,1,0
BRDA:51,3,0,0
BRDA:51,3,1,15
BRDA:54,4,0,0
BRDA:54,4,1,15
BRF:9
BRH:4
end_of_record
TN:
SF:src/pages/Error/ErrorPage.tsx
FN:8,(anonymous_7)
FN:12,(anonymous_8)
FNF:2
FNH:2
FNDA:1,(anonymous_7)
FNDA:1,(anonymous_8)
DA:1,1
DA:2,1
DA:3,1
DA:4,1
DA:5,1
DA:6,1
DA:8,1
DA:9,1
DA:10,1
DA:12,1
DA:13,1
DA:14,1
DA:17,1
DA:25,1
LF:14
LH:14
BRF:0
BRH:0
end_of_record
TN:
SF:src/pages/Help/Help.tsx
FN:7,(anonymous_1)
FN:15,(anonymous_2)
FNF:2
FNH:2
FNDA:4,(anonymous_1)
FNDA:32,(anonymous_2)
DA:1,1
DA:2,1
DA:3,1
DA:4,1
DA:5,1
DA:7,1
DA:8,4
DA:10,4
DA:16,32
DA:65,1
LF:10
LH:10
BRF:0
BRH:0
end_of_record
TN:
SF:src/pages/LinkLaunchPad/LinkLaunchPad.tsx
FN:10,(anonymous_7)
FN:17,(anonymous_8)
FN:18,(anonymous_9)
FN:32,(anonymous_10)
FN:37,(anonymous_11)
FN:42,(anonymous_12)
FN:46,(anonymous_13)
FN:50,(anonymous_14)
FNF:8
FNH:4
FNDA:2,(anonymous_7)
FNDA:1,(anonymous_8)
FNDA:1,(anonymous_9)
FNDA:1,(anonymous_10)
FNDA:0,(anonymous_11)
FNDA:0,(anonymous_12)
FNDA:0,(anonymous_13)
FNDA:0,(anonymous_14)
DA:1,1
DA:2,1
DA:3,1
DA:4,1
DA:5,1
DA:6,1
DA:7,1
DA:8,1
DA:10,1
DA:11,2
DA:12,2
DA:13,2
DA:14,2
DA:15,2
DA:17,2
DA:18,1
DA:19,1
DA:20,1
DA:21,1
DA:22,1
DA:23,0
DA:25,1
DA:28,1
DA:30,1
DA:32,1
DA:33,1
DA:37,2
DA:38,0
DA:39,0
DA:42,2
DA:43,0
DA:46,2
DA:47,0
DA:50,2
DA:51,0
DA:52,0
DA:56,2
DA:75,2
DA:125,1
LF:39
LH:32
BRDA:22,0,0,0
BRDA:110,1,0,2
BRDA:110,1,1,0
BRF:3
BRH:1
end_of_record
TN:
SF:src/pages/Loading/Loading.tsx
FN:21,(anonymous_7)
FN:24,(anonymous_8)
FN:26,(anonymous_9)
FN:27,(anonymous_10)
FN:28,(anonymous_11)
FN:30,(anonymous_12)
FN:31,(anonymous_13)
FN:52,(anonymous_14)
FN:84,(anonymous_15)
FN:105,(anonymous_16)
FN:117,(anonymous_17)
FN:136,(anonymous_18)
FN:150,(anonymous_19)
FN:173,(anonymous_20)
FN:182,(anonymous_21)
FN:189,(anonymous_22)
FN:190,(anonymous_23)
FN:194,(anonymous_24)
FN:208,(anonymous_25)
FN:209,(anonymous_26)
FN:210,(anonymous_27)
FN:213,(anonymous_28)
FN:218,(anonymous_29)
FN:225,(anonymous_30)
FN:227,(anonymous_31)
FN:231,(anonymous_32)
FN:234,(anonymous_33)
FN:241,(anonymous_34)
FNF:28
FNH:7
FNDA:0,(anonymous_7)
FNDA:0,(anonymous_8)
FNDA:0,(anonymous_9)
FNDA:0,(anonymous_10)
FNDA:0,(anonymous_11)
FNDA:0,(anonymous_12)
FNDA:0,(anonymous_13)
FNDA:0,(anonymous_14)
FNDA:0,(anonymous_15)
FNDA:0,(anonymous_16)
FNDA:0,(anonymous_17)
FNDA:0,(anonymous_18)
FNDA:0,(anonymous_19)
FNDA:0,(anonymous_20)
FNDA:0,(anonymous_21)
FNDA:0,(anonymous_22)
FNDA:0,(anonymous_23)
FNDA:1,(anonymous_24)
FNDA:1,(anonymous_25)
FNDA:0,(anonymous_26)
FNDA:1,(anonymous_27)
FNDA:1,(anonymous_28)
FNDA:1,(anonymous_29)
FNDA:1,(anonymous_30)
FNDA:0,(anonymous_31)
FNDA:1,(anonymous_32)
FNDA:0,(anonymous_33)
FNDA:0,(anonymous_34)
DA:1,1
DA:3,1
DA:4,1
DA:5,1
DA:6,1
DA:7,1
DA:8,1
DA:9,1
DA:10,1
DA:11,1
DA:13,1
DA:14,1
DA:15,1
DA:16,1
DA:17,1
DA:19,1
DA:21,1
DA:22,0
DA:23,0
DA:24,0
DA:26,0
DA:27,0
DA:28,0
DA:30,0
DA:32,0
DA:33,0
DA:36,0
DA:45,0
DA:46,0
DA:52,1
DA:53,0
DA:54,0
DA:56,0
DA:57,0
DA:58,0
DA:59,0
DA:60,0
DA:74,0
DA:84,1
DA:85,0
DA:94,0
DA:105,0
DA:106,0
DA:108,0
DA:117,1
DA:118,0
DA:119,0
DA:126,0
DA:127,0
DA:129,0
DA:131,0
DA:132,0
DA:136,1
DA:137,0
DA:138,0
DA:143,0
DA:145,0
DA:146,0
DA:150,1
DA:151,0
DA:152,0
DA:153,0
DA:155,0
DA:156,0
DA:158,0
DA:159,0
DA:161,0
DA:162,0
DA:163,0
DA:164,0
DA:166,0
DA:167,0
DA:168,0
DA:173,1
DA:174,0
DA:175,0
DA:176,0
DA:177,0
DA:178,0
DA:179,0
DA:182,1
DA:189,0
DA:190,0
DA:191,0
DA:194,1
DA:195,1
DA:196,1
DA:197,1
DA:198,1
DA:199,1
DA:200,1
DA:201,1
DA:202,1
DA:203,1
DA:204,1
DA:205,1
DA:206,1
DA:208,1
DA:209,1
DA:210,1
DA:213,1
DA:214,1
DA:215,1
DA:218,1
DA:219,1
DA:220,0
DA:221,0
DA:225,1
DA:226,1
DA:228,0
DA:231,1
DA:234,1
DA:235,0
DA:236,0
DA:237,0
DA:238,0
DA:241,1
DA:242,0
DA:243,0
DA:244,0
DA:245,0
DA:247,0
DA:250,1
DA:307,1
LF:124
LH:52
BRDA:53,0,0,0
BRDA:56,1,0,0
BRDA:56,1,1,0
BRDA:61,2,0,0
BRDA:61,2,1,0
BRDA:62,3,0,0
BRDA:62,3,1,0
BRDA:63,4,0,0
BRDA:63,4,1,0
BRDA:64,5,0,0
BRDA:64,5,1,0
BRDA:65,6,0,0
BRDA:65,6,1,0
BRDA:66,7,0,0
BRDA:66,7,1,0
BRDA:67,8,0,0
BRDA:67,8,1,0
BRDA:68,9,0,0
BRDA:68,9,1,0
BRDA:69,10,0,0
BRDA:69,10,1,0
BRDA:70,11,0,0
BRDA:70,11,1,0
BRDA:109,12,0,0
BRDA:109,12,1,0
BRDA:110,13,0,0
BRDA:110,13,1,0
BRDA:111,14,0,0
BRDA:111,14,1,0
BRDA:112,15,0,0
BRDA:112,15,1,0
BRDA:126,16,0,0
BRDA:151,17,0,0
BRDA:155,18,0,0
BRDA:155,18,1,0
BRDA:164,19,0,0
BRDA:164,19,1,0
BRDA:190,20,0,0
BRDA:190,20,1,0
BRDA:205,21,0,1
BRDA:205,21,1,1
BRDA:205,21,2,0
BRDA:219,22,0,0
BRDA:219,23,0,1
BRDA:219,23,1,0
BRDA:235,24,0,0
BRDA:235,24,1,0
BRDA:242,25,0,0
BRDA:259,26,0,1
BRDA:259,26,1,0
BRDA:261,27,0,1
BRDA:261,27,1,0
BRDA:270,28,0,1
BRDA:270,28,1,0
BRDA:281,29,0,1
BRDA:281,29,1,0
BRDA:281,30,0,1
BRDA:281,30,1,0
BRF:58
BRH:8
end_of_record
TN:
SF:src/pages/Loans/Loans.tsx
FN:6,(anonymous_1)
FN:40,(anonymous_2)
FNF:2
FNH:1
FNDA:1,(anonymous_1)
FNDA:0,(anonymous_2)
DA:1,1
DA:2,1
DA:3,1
DA:4,1
DA:6,1
DA:7,1
DA:8,1
DA:41,0
DA:42,0
DA:56,1
LF:10
LH:8
BRF:0
BRH:0
end_of_record
TN:
SF:src/store/store.ts
FNF:0
FNH:0
DA:1,4
DA:2,4
DA:3,4
DA:5,4
LF:4
LH:4
BRF:0
BRH:0
end_of_record
TN:
SF:src/store/showNav/showNavSlice.ts
FN:18,(anonymous_0)
FN:21,(anonymous_1)
FN:31,(anonymous_2)
FN:32,(anonymous_3)
FN:37,(anonymous_4)
FN:38,(anonymous_5)
FNF:6
FNH:6
FNDA:2,(anonymous_0)
FNDA:2,(anonymous_1)
FNDA:3,(anonymous_2)
FNDA:3,(anonymous_3)
FNDA:3,(anonymous_4)
FNDA:3,(anonymous_5)
DA:1,5
DA:9,5
DA:14,5
DA:19,2
DA:22,2
DA:27,5
DA:30,5
DA:31,3
DA:32,3
DA:36,5
DA:37,3
DA:38,3
DA:41,5
LF:13
LH:13
BRF:0
BRH:0
end_of_record
TN:
SF:src/store/user/userSlice.ts
FN:10,(anonymous_0)
FN:18,(anonymous_1)
FN:19,(anonymous_2)
FNF:3
FNH:0
FNDA:0,(anonymous_0)
FNDA:0,(anonymous_1)
FNDA:0,(anonymous_2)
DA:1,4
DA:4,4
DA:6,4
DA:11,0
DA:16,4
DA:17,4
DA:18,0
DA:19,0
DA:21,4
LF:9
LH:6
BRF:0
BRH:0
end_of_record
TN:
SF:src/utils/frequentlyAskedQuestions.ts
FNF:0
FNH:0
DA:7,1
DA:90,1
LF:2
LH:2
BRF:0
BRH:0
end_of_record
